2018-02-26T23:11:56.284311Z 0 [Warning] TIMESTAMP with implicit DEFAULT value is deprecated. Please use --explicit_defaults_for_timestamp server option (see documentation for more details).
2018-02-26T23:11:56.602625Z 0 [Warning] InnoDB: New log files created, LSN=45790
2018-02-26T23:11:56.702133Z 0 [Warning] InnoDB: Creating foreign key constraint system tables.
2018-02-26T23:11:56.712746Z 0 [Warning] No existing UUID has been found, so we assume that this is the first time that this server has been started. Generating a new UUID: 70b3475e-1b4a-11e8-bc42-0242ac110002.
2018-02-26T23:11:56.715033Z 0 [Warning] Gtid table is not ready to be used. Table 'mysql.gtid_executed' cannot be opened.
2018-02-26T23:11:56.715480Z 1 [Warning] root@localhost is created with an empty password ! Please consider switching off the --initialize-insecure option.
2018-02-26T23:11:59.811661Z 0 [Warning] TIMESTAMP with implicit DEFAULT value is deprecated. Please use --explicit_defaults_for_timestamp server option (see documentation for more details).
2018-02-26T23:11:59.813175Z 0 [Note] mysqld (mysqld 5.7.21) starting as process 550 ...
2018-02-26T23:11:59.816044Z 0 [Note] InnoDB: PUNCH HOLE support available
2018-02-26T23:11:59.816061Z 0 [Note] InnoDB: Mutexes and rw_locks use GCC atomic builtins
2018-02-26T23:11:59.816065Z 0 [Note] InnoDB: Uses event mutexes
2018-02-26T23:11:59.816069Z 0 [Note] InnoDB: GCC builtin __atomic_thread_fence() is used for memory barrier
2018-02-26T23:11:59.816072Z 0 [Note] InnoDB: Compressed tables use zlib 1.2.3
2018-02-26T23:11:59.816076Z 0 [Note] InnoDB: Using Linux native AIO
2018-02-26T23:11:59.816281Z 0 [Note] InnoDB: Number of pools: 1
2018-02-26T23:11:59.816376Z 0 [Note] InnoDB: Using CPU crc32 instructions
2018-02-26T23:11:59.817838Z 0 [Note] InnoDB: Initializing buffer pool, total size = 128M, instances = 1, chunk size = 128M
2018-02-26T23:11:59.826782Z 0 [Note] InnoDB: Completed initialization of buffer pool
2018-02-26T23:11:59.828993Z 0 [Note] InnoDB: If the mysqld execution user is authorized, page cleaner thread priority can be changed. See the man page of setpriority().
2018-02-26T23:11:59.841015Z 0 [Note] InnoDB: Highest supported file format is Barracuda.
2018-02-26T23:11:59.849664Z 0 [Note] InnoDB: Creating shared tablespace for temporary tables
2018-02-26T23:11:59.849724Z 0 [Note] InnoDB: Setting file './ibtmp1' size to 12 MB. Physically writing the file full; Please wait ...
2018-02-26T23:11:59.872648Z 0 [Note] InnoDB: File './ibtmp1' size is now 12 MB.
2018-02-26T23:11:59.873335Z 0 [Note] InnoDB: 96 redo rollback segment(s) found. 96 redo rollback segment(s) are active.
2018-02-26T23:11:59.873348Z 0 [Note] InnoDB: 32 non-redo rollback segment(s) are active.
2018-02-26T23:11:59.873869Z 0 [Note] InnoDB: 5.7.21 started; log sequence number 2551166
2018-02-26T23:11:59.873983Z 0 [Note] InnoDB: Loading buffer pool(s) from /var/lib/mysql/ib_buffer_pool
2018-02-26T23:11:59.874187Z 0 [Note] Plugin 'FEDERATED' is disabled.
2018-02-26T23:11:59.875817Z 0 [Note] InnoDB: Buffer pool(s) load completed at 180226 23:11:59
2018-02-26T23:11:59.878930Z 0 [Warning] Failed to set up SSL because of the following SSL library error: SSL context is not usable without certificate and private key
2018-02-26T23:11:59.879061Z 0 [Note] Server hostname (bind-address): '127.0.0.1'; port: 3306
2018-02-26T23:11:59.879080Z 0 [Note]   - '127.0.0.1' resolves to '127.0.0.1';
2018-02-26T23:11:59.879103Z 0 [Note] Server socket created on IP: '127.0.0.1'.
2018-02-26T23:11:59.887456Z 0 [Note] Event Scheduler: Loaded 0 events
2018-02-26T23:11:59.887541Z 0 [Note] Execution of init_file '/var/lib/mysql-files/HCFS4ZImwT' started.
2018-02-26T23:11:59.891884Z 0 [Note] Execution of init_file '/var/lib/mysql-files/HCFS4ZImwT' ended.
2018-02-26T23:11:59.891949Z 0 [Note] mysqld: ready for connections.
Version: '5.7.21'  socket: '/tmp/tmp.BVDy6NKnen/mysqld.sock'  port: 3306  MySQL Community Server (GPL)
2018-02-26T23:11:59.896587Z 0 [Note] Giving 0 client threads a chance to die gracefully
2018-02-26T23:11:59.896603Z 0 [Note] Shutting down slave threads
2018-02-26T23:11:59.896612Z 0 [Note] Forcefully disconnecting 0 remaining clients
2018-02-26T23:11:59.896616Z 0 [Note] Event Scheduler: Purging the queue. 0 events
2018-02-26T23:11:59.896655Z 0 [Note] Binlog end
2018-02-26T23:11:59.896938Z 0 [Note] Shutting down plugin 'auth_socket'
2018-02-26T23:11:59.896944Z 0 [Note] Shutting down plugin 'ngram'
2018-02-26T23:11:59.896947Z 0 [Note] Shutting down plugin 'partition'
2018-02-26T23:11:59.896950Z 0 [Note] Shutting down plugin 'BLACKHOLE'
2018-02-26T23:11:59.896952Z 0 [Note] Shutting down plugin 'ARCHIVE'
2018-02-26T23:11:59.896955Z 0 [Note] Shutting down plugin 'PERFORMANCE_SCHEMA'
2018-02-26T23:11:59.896969Z 0 [Note] Shutting down plugin 'MRG_MYISAM'
2018-02-26T23:11:59.896972Z 0 [Note] Shutting down plugin 'MyISAM'
2018-02-26T23:11:59.896977Z 0 [Note] Shutting down plugin 'INNODB_SYS_VIRTUAL'
2018-02-26T23:11:59.896980Z 0 [Note] Shutting down plugin 'INNODB_SYS_DATAFILES'
2018-02-26T23:11:59.896983Z 0 [Note] Shutting down plugin 'INNODB_SYS_TABLESPACES'
2018-02-26T23:11:59.896985Z 0 [Note] Shutting down plugin 'INNODB_SYS_FOREIGN_COLS'
2018-02-26T23:11:59.896987Z 0 [Note] Shutting down plugin 'INNODB_SYS_FOREIGN'
2018-02-26T23:11:59.896990Z 0 [Note] Shutting down plugin 'INNODB_SYS_FIELDS'
2018-02-26T23:11:59.896992Z 0 [Note] Shutting down plugin 'INNODB_SYS_COLUMNS'
2018-02-26T23:11:59.896994Z 0 [Note] Shutting down plugin 'INNODB_SYS_INDEXES'
2018-02-26T23:11:59.896996Z 0 [Note] Shutting down plugin 'INNODB_SYS_TABLESTATS'
2018-02-26T23:11:59.896999Z 0 [Note] Shutting down plugin 'INNODB_SYS_TABLES'
2018-02-26T23:11:59.897001Z 0 [Note] Shutting down plugin 'INNODB_FT_INDEX_TABLE'
2018-02-26T23:11:59.897003Z 0 [Note] Shutting down plugin 'INNODB_FT_INDEX_CACHE'
2018-02-26T23:11:59.897005Z 0 [Note] Shutting down plugin 'INNODB_FT_CONFIG'
2018-02-26T23:11:59.897008Z 0 [Note] Shutting down plugin 'INNODB_FT_BEING_DELETED'
2018-02-26T23:11:59.897010Z 0 [Note] Shutting down plugin 'INNODB_FT_DELETED'
2018-02-26T23:11:59.897012Z 0 [Note] Shutting down plugin 'INNODB_FT_DEFAULT_STOPWORD'
2018-02-26T23:11:59.897014Z 0 [Note] Shutting down plugin 'INNODB_METRICS'
2018-02-26T23:11:59.897017Z 0 [Note] Shutting down plugin 'INNODB_TEMP_TABLE_INFO'
2018-02-26T23:11:59.897019Z 0 [Note] Shutting down plugin 'INNODB_BUFFER_POOL_STATS'
2018-02-26T23:11:59.897021Z 0 [Note] Shutting down plugin 'INNODB_BUFFER_PAGE_LRU'
2018-02-26T23:11:59.897023Z 0 [Note] Shutting down plugin 'INNODB_BUFFER_PAGE'
2018-02-26T23:11:59.897026Z 0 [Note] Shutting down plugin 'INNODB_CMP_PER_INDEX_RESET'
2018-02-26T23:11:59.897028Z 0 [Note] Shutting down plugin 'INNODB_CMP_PER_INDEX'
2018-02-26T23:11:59.897030Z 0 [Note] Shutting down plugin 'INNODB_CMPMEM_RESET'
2018-02-26T23:11:59.897032Z 0 [Note] Shutting down plugin 'INNODB_CMPMEM'
2018-02-26T23:11:59.897035Z 0 [Note] Shutting down plugin 'INNODB_CMP_RESET'
2018-02-26T23:11:59.897037Z 0 [Note] Shutting down plugin 'INNODB_CMP'
2018-02-26T23:11:59.897039Z 0 [Note] Shutting down plugin 'INNODB_LOCK_WAITS'
2018-02-26T23:11:59.897041Z 0 [Note] Shutting down plugin 'INNODB_LOCKS'
2018-02-26T23:11:59.897044Z 0 [Note] Shutting down plugin 'INNODB_TRX'
2018-02-26T23:11:59.897046Z 0 [Note] Shutting down plugin 'InnoDB'
2018-02-26T23:11:59.897090Z 0 [Note] InnoDB: FTS optimize thread exiting.
2018-02-26T23:11:59.897157Z 0 [Note] InnoDB: Starting shutdown...
2018-02-26T23:11:59.997401Z 0 [Note] InnoDB: Dumping buffer pool(s) to /var/lib/mysql/ib_buffer_pool
2018-02-26T23:11:59.997694Z 0 [Note] InnoDB: Buffer pool(s) dump completed at 180226 23:11:59
2018-02-26T23:12:01.707688Z 0 [Note] InnoDB: Shutdown completed; log sequence number 2551387
2018-02-26T23:12:01.709698Z 0 [Note] InnoDB: Removed temporary tablespace data file: "ibtmp1"
2018-02-26T23:12:01.709711Z 0 [Note] Shutting down plugin 'MEMORY'
2018-02-26T23:12:01.709716Z 0 [Note] Shutting down plugin 'CSV'
2018-02-26T23:12:01.709720Z 0 [Note] Shutting down plugin 'sha256_password'
2018-02-26T23:12:01.709723Z 0 [Note] Shutting down plugin 'mysql_native_password'
2018-02-26T23:12:01.709892Z 0 [Note] Shutting down plugin 'binlog'
2018-02-26T23:12:01.711473Z 0 [Note] mysqld: Shutdown complete

