2018-02-16 22:52:34 startup archives unpack
2018-02-16 22:52:34 install perl-modules-5.24:all <none> 5.24.1-3+deb9u2
2018-02-16 22:52:34 status half-installed perl-modules-5.24:all 5.24.1-3+deb9u2
2018-02-16 22:52:35 status unpacked perl-modules-5.24:all 5.24.1-3+deb9u2
2018-02-16 22:52:35 status unpacked perl-modules-5.24:all 5.24.1-3+deb9u2
2018-02-16 22:52:35 install libgdbm3:amd64 <none> 1.8.3-14
2018-02-16 22:52:35 status triggers-pending libc-bin:amd64 2.24-11+deb9u1
2018-02-16 22:52:35 status half-installed libgdbm3:amd64 1.8.3-14
2018-02-16 22:52:35 status unpacked libgdbm3:amd64 1.8.3-14
2018-02-16 22:52:35 status unpacked libgdbm3:amd64 1.8.3-14
2018-02-16 22:52:35 install libperl5.24:amd64 <none> 5.24.1-3+deb9u2
2018-02-16 22:52:35 status half-installed libperl5.24:amd64 5.24.1-3+deb9u2
2018-02-16 22:52:35 status unpacked libperl5.24:amd64 5.24.1-3+deb9u2
2018-02-16 22:52:35 status unpacked libperl5.24:amd64 5.24.1-3+deb9u2
2018-02-16 22:52:35 install perl:amd64 <none> 5.24.1-3+deb9u2
2018-02-16 22:52:35 status half-installed perl:amd64 5.24.1-3+deb9u2
2018-02-16 22:52:35 status unpacked perl:amd64 5.24.1-3+deb9u2
2018-02-16 22:52:35 status unpacked perl:amd64 5.24.1-3+deb9u2
2018-02-16 22:52:35 install libssl1.0.2:amd64 <none> 1.0.2l-2+deb9u2
2018-02-16 22:52:35 status half-installed libssl1.0.2:amd64 1.0.2l-2+deb9u2
2018-02-16 22:52:35 status unpacked libssl1.0.2:amd64 1.0.2l-2+deb9u2
2018-02-16 22:52:35 status unpacked libssl1.0.2:amd64 1.0.2l-2+deb9u2
2018-02-16 22:52:35 install libssl1.1:amd64 <none> 1.1.0f-3+deb9u1
2018-02-16 22:52:35 status half-installed libssl1.1:amd64 1.1.0f-3+deb9u1
2018-02-16 22:52:35 status unpacked libssl1.1:amd64 1.1.0f-3+deb9u1
2018-02-16 22:52:35 status unpacked libssl1.1:amd64 1.1.0f-3+deb9u1
2018-02-16 22:52:35 install bzip2:amd64 <none> 1.0.6-8.1
2018-02-16 22:52:35 status half-installed bzip2:amd64 1.0.6-8.1
2018-02-16 22:52:35 status unpacked bzip2:amd64 1.0.6-8.1
2018-02-16 22:52:35 status unpacked bzip2:amd64 1.0.6-8.1
2018-02-16 22:52:35 install libmagic-mgc:amd64 <none> 1:5.30-1+deb9u1
2018-02-16 22:52:35 status half-installed libmagic-mgc:amd64 1:5.30-1+deb9u1
2018-02-16 22:52:36 status unpacked libmagic-mgc:amd64 1:5.30-1+deb9u1
2018-02-16 22:52:36 status unpacked libmagic-mgc:amd64 1:5.30-1+deb9u1
2018-02-16 22:52:36 install libmagic1:amd64 <none> 1:5.30-1+deb9u1
2018-02-16 22:52:36 status half-installed libmagic1:amd64 1:5.30-1+deb9u1
2018-02-16 22:52:36 status unpacked libmagic1:amd64 1:5.30-1+deb9u1
2018-02-16 22:52:36 status unpacked libmagic1:amd64 1:5.30-1+deb9u1
2018-02-16 22:52:36 install file:amd64 <none> 1:5.30-1+deb9u1
2018-02-16 22:52:36 status half-installed file:amd64 1:5.30-1+deb9u1
2018-02-16 22:52:36 status unpacked file:amd64 1:5.30-1+deb9u1
2018-02-16 22:52:36 status unpacked file:amd64 1:5.30-1+deb9u1
2018-02-16 22:52:36 install libgmp10:amd64 <none> 2:6.1.2+dfsg-1
2018-02-16 22:52:36 status half-installed libgmp10:amd64 2:6.1.2+dfsg-1
2018-02-16 22:52:36 status unpacked libgmp10:amd64 2:6.1.2+dfsg-1
2018-02-16 22:52:36 status unpacked libgmp10:amd64 2:6.1.2+dfsg-1
2018-02-16 22:52:36 install libnettle6:amd64 <none> 3.3-1+b2
2018-02-16 22:52:36 status half-installed libnettle6:amd64 3.3-1+b2
2018-02-16 22:52:36 status unpacked libnettle6:amd64 3.3-1+b2
2018-02-16 22:52:36 status unpacked libnettle6:amd64 3.3-1+b2
2018-02-16 22:52:36 install libhogweed4:amd64 <none> 3.3-1+b2
2018-02-16 22:52:36 status half-installed libhogweed4:amd64 3.3-1+b2
2018-02-16 22:52:36 status unpacked libhogweed4:amd64 3.3-1+b2
2018-02-16 22:52:36 status unpacked libhogweed4:amd64 3.3-1+b2
2018-02-16 22:52:36 install libidn11:amd64 <none> 1.33-1
2018-02-16 22:52:36 status half-installed libidn11:amd64 1.33-1
2018-02-16 22:52:36 status unpacked libidn11:amd64 1.33-1
2018-02-16 22:52:36 status unpacked libidn11:amd64 1.33-1
2018-02-16 22:52:36 install libffi6:amd64 <none> 3.2.1-6
2018-02-16 22:52:36 status half-installed libffi6:amd64 3.2.1-6
2018-02-16 22:52:36 status unpacked libffi6:amd64 3.2.1-6
2018-02-16 22:52:36 status unpacked libffi6:amd64 3.2.1-6
2018-02-16 22:52:36 install libp11-kit0:amd64 <none> 0.23.3-2
2018-02-16 22:52:36 status half-installed libp11-kit0:amd64 0.23.3-2
2018-02-16 22:52:36 status unpacked libp11-kit0:amd64 0.23.3-2
2018-02-16 22:52:36 status unpacked libp11-kit0:amd64 0.23.3-2
2018-02-16 22:52:36 install libtasn1-6:amd64 <none> 4.10-1.1+deb9u1
2018-02-16 22:52:36 status half-installed libtasn1-6:amd64 4.10-1.1+deb9u1
2018-02-16 22:52:36 status unpacked libtasn1-6:amd64 4.10-1.1+deb9u1
2018-02-16 22:52:36 status unpacked libtasn1-6:amd64 4.10-1.1+deb9u1
2018-02-16 22:52:36 install libgnutls30:amd64 <none> 3.5.8-5+deb9u3
2018-02-16 22:52:36 status half-installed libgnutls30:amd64 3.5.8-5+deb9u3
2018-02-16 22:52:36 status unpacked libgnutls30:amd64 3.5.8-5+deb9u3
2018-02-16 22:52:36 status unpacked libgnutls30:amd64 3.5.8-5+deb9u3
2018-02-16 22:52:36 install libkeyutils1:amd64 <none> 1.5.9-9
2018-02-16 22:52:36 status half-installed libkeyutils1:amd64 1.5.9-9
2018-02-16 22:52:36 status unpacked libkeyutils1:amd64 1.5.9-9
2018-02-16 22:52:36 status unpacked libkeyutils1:amd64 1.5.9-9
2018-02-16 22:52:36 install libkrb5support0:amd64 <none> 1.15-1+deb9u1
2018-02-16 22:52:36 status half-installed libkrb5support0:amd64 1.15-1+deb9u1
2018-02-16 22:52:36 status unpacked libkrb5support0:amd64 1.15-1+deb9u1
2018-02-16 22:52:36 status unpacked libkrb5support0:amd64 1.15-1+deb9u1
2018-02-16 22:52:36 install libk5crypto3:amd64 <none> 1.15-1+deb9u1
2018-02-16 22:52:36 status half-installed libk5crypto3:amd64 1.15-1+deb9u1
2018-02-16 22:52:36 status unpacked libk5crypto3:amd64 1.15-1+deb9u1
2018-02-16 22:52:36 status unpacked libk5crypto3:amd64 1.15-1+deb9u1
2018-02-16 22:52:36 install libkrb5-3:amd64 <none> 1.15-1+deb9u1
2018-02-16 22:52:36 status half-installed libkrb5-3:amd64 1.15-1+deb9u1
2018-02-16 22:52:36 status unpacked libkrb5-3:amd64 1.15-1+deb9u1
2018-02-16 22:52:36 status unpacked libkrb5-3:amd64 1.15-1+deb9u1
2018-02-16 22:52:36 install libgssapi-krb5-2:amd64 <none> 1.15-1+deb9u1
2018-02-16 22:52:36 status half-installed libgssapi-krb5-2:amd64 1.15-1+deb9u1
2018-02-16 22:52:36 status unpacked libgssapi-krb5-2:amd64 1.15-1+deb9u1
2018-02-16 22:52:36 status unpacked libgssapi-krb5-2:amd64 1.15-1+deb9u1
2018-02-16 22:52:36 install libsasl2-modules-db:amd64 <none> 2.1.27~101-g0780600+dfsg-3
2018-02-16 22:52:36 status half-installed libsasl2-modules-db:amd64 2.1.27~101-g0780600+dfsg-3
2018-02-16 22:52:36 status unpacked libsasl2-modules-db:amd64 2.1.27~101-g0780600+dfsg-3
2018-02-16 22:52:36 status unpacked libsasl2-modules-db:amd64 2.1.27~101-g0780600+dfsg-3
2018-02-16 22:52:36 install libsasl2-2:amd64 <none> 2.1.27~101-g0780600+dfsg-3
2018-02-16 22:52:36 status half-installed libsasl2-2:amd64 2.1.27~101-g0780600+dfsg-3
2018-02-16 22:52:36 status unpacked libsasl2-2:amd64 2.1.27~101-g0780600+dfsg-3
2018-02-16 22:52:36 status unpacked libsasl2-2:amd64 2.1.27~101-g0780600+dfsg-3
2018-02-16 22:52:36 install libldap-common:all <none> 2.4.44+dfsg-5+deb9u1
2018-02-16 22:52:36 status half-installed libldap-common:all 2.4.44+dfsg-5+deb9u1
2018-02-16 22:52:36 status unpacked libldap-common:all 2.4.44+dfsg-5+deb9u1
2018-02-16 22:52:36 status unpacked libldap-common:all 2.4.44+dfsg-5+deb9u1
2018-02-16 22:52:36 install libldap-2.4-2:amd64 <none> 2.4.44+dfsg-5+deb9u1
2018-02-16 22:52:36 status half-installed libldap-2.4-2:amd64 2.4.44+dfsg-5+deb9u1
2018-02-16 22:52:36 status unpacked libldap-2.4-2:amd64 2.4.44+dfsg-5+deb9u1
2018-02-16 22:52:36 status unpacked libldap-2.4-2:amd64 2.4.44+dfsg-5+deb9u1
2018-02-16 22:52:36 install xz-utils:amd64 <none> 5.2.2-1.2+b1
2018-02-16 22:52:36 status half-installed xz-utils:amd64 5.2.2-1.2+b1
2018-02-16 22:52:36 status unpacked xz-utils:amd64 5.2.2-1.2+b1
2018-02-16 22:52:36 status unpacked xz-utils:amd64 5.2.2-1.2+b1
2018-02-16 22:52:36 install libsigsegv2:amd64 <none> 2.10-5
2018-02-16 22:52:36 status half-installed libsigsegv2:amd64 2.10-5
2018-02-16 22:52:36 status unpacked libsigsegv2:amd64 2.10-5
2018-02-16 22:52:36 status unpacked libsigsegv2:amd64 2.10-5
2018-02-16 22:52:36 install m4:amd64 <none> 1.4.18-1
2018-02-16 22:52:36 status half-installed m4:amd64 1.4.18-1
2018-02-16 22:52:36 status unpacked m4:amd64 1.4.18-1
2018-02-16 22:52:36 status unpacked m4:amd64 1.4.18-1
2018-02-16 22:52:36 install autoconf:all <none> 2.69-10
2018-02-16 22:52:36 status half-installed autoconf:all 2.69-10
2018-02-16 22:52:36 status unpacked autoconf:all 2.69-10
2018-02-16 22:52:36 status unpacked autoconf:all 2.69-10
2018-02-16 22:52:37 install binutils:amd64 <none> 2.28-5
2018-02-16 22:52:37 status half-installed binutils:amd64 2.28-5
2018-02-16 22:52:37 status unpacked binutils:amd64 2.28-5
2018-02-16 22:52:37 status unpacked binutils:amd64 2.28-5
2018-02-16 22:52:37 install openssl:amd64 <none> 1.1.0f-3+deb9u1
2018-02-16 22:52:37 status half-installed openssl:amd64 1.1.0f-3+deb9u1
2018-02-16 22:52:37 status unpacked openssl:amd64 1.1.0f-3+deb9u1
2018-02-16 22:52:37 status unpacked openssl:amd64 1.1.0f-3+deb9u1
2018-02-16 22:52:37 install ca-certificates:all <none> 20161130+nmu1
2018-02-16 22:52:37 status half-installed ca-certificates:all 20161130+nmu1
2018-02-16 22:52:37 status unpacked ca-certificates:all 20161130+nmu1
2018-02-16 22:52:37 status unpacked ca-certificates:all 20161130+nmu1
2018-02-16 22:52:37 install libisl15:amd64 <none> 0.18-1
2018-02-16 22:52:37 status half-installed libisl15:amd64 0.18-1
2018-02-16 22:52:37 status unpacked libisl15:amd64 0.18-1
2018-02-16 22:52:37 status unpacked libisl15:amd64 0.18-1
2018-02-16 22:52:37 install libmpfr4:amd64 <none> 3.1.5-1
2018-02-16 22:52:37 status half-installed libmpfr4:amd64 3.1.5-1
2018-02-16 22:52:37 status unpacked libmpfr4:amd64 3.1.5-1
2018-02-16 22:52:37 status unpacked libmpfr4:amd64 3.1.5-1
2018-02-16 22:52:37 install libmpc3:amd64 <none> 1.0.3-1+b2
2018-02-16 22:52:37 status half-installed libmpc3:amd64 1.0.3-1+b2
2018-02-16 22:52:37 status unpacked libmpc3:amd64 1.0.3-1+b2
2018-02-16 22:52:37 status unpacked libmpc3:amd64 1.0.3-1+b2
2018-02-16 22:52:37 install cpp-6:amd64 <none> 6.3.0-18
2018-02-16 22:52:37 status half-installed cpp-6:amd64 6.3.0-18
2018-02-16 22:52:38 status unpacked cpp-6:amd64 6.3.0-18
2018-02-16 22:52:38 status unpacked cpp-6:amd64 6.3.0-18
2018-02-16 22:52:38 install cpp:amd64 <none> 4:6.3.0-4
2018-02-16 22:52:38 status half-installed cpp:amd64 4:6.3.0-4
2018-02-16 22:52:38 status unpacked cpp:amd64 4:6.3.0-4
2018-02-16 22:52:38 status unpacked cpp:amd64 4:6.3.0-4
2018-02-16 22:52:38 install libunistring0:amd64 <none> 0.9.6+really0.9.3-0.1
2018-02-16 22:52:38 status half-installed libunistring0:amd64 0.9.6+really0.9.3-0.1
2018-02-16 22:52:38 status unpacked libunistring0:amd64 0.9.6+really0.9.3-0.1
2018-02-16 22:52:38 status unpacked libunistring0:amd64 0.9.6+really0.9.3-0.1
2018-02-16 22:52:38 install libidn2-0:amd64 <none> 0.16-1+deb9u1
2018-02-16 22:52:38 status half-installed libidn2-0:amd64 0.16-1+deb9u1
2018-02-16 22:52:38 status unpacked libidn2-0:amd64 0.16-1+deb9u1
2018-02-16 22:52:38 status unpacked libidn2-0:amd64 0.16-1+deb9u1
2018-02-16 22:52:38 install libnghttp2-14:amd64 <none> 1.18.1-1
2018-02-16 22:52:38 status half-installed libnghttp2-14:amd64 1.18.1-1
2018-02-16 22:52:38 status unpacked libnghttp2-14:amd64 1.18.1-1
2018-02-16 22:52:38 status unpacked libnghttp2-14:amd64 1.18.1-1
2018-02-16 22:52:38 install libpsl5:amd64 <none> 0.17.0-3
2018-02-16 22:52:38 status half-installed libpsl5:amd64 0.17.0-3
2018-02-16 22:52:38 status unpacked libpsl5:amd64 0.17.0-3
2018-02-16 22:52:38 status unpacked libpsl5:amd64 0.17.0-3
2018-02-16 22:52:38 install librtmp1:amd64 <none> 2.4+20151223.gitfa8646d.1-1+b1
2018-02-16 22:52:38 status half-installed librtmp1:amd64 2.4+20151223.gitfa8646d.1-1+b1
2018-02-16 22:52:38 status unpacked librtmp1:amd64 2.4+20151223.gitfa8646d.1-1+b1
2018-02-16 22:52:38 status unpacked librtmp1:amd64 2.4+20151223.gitfa8646d.1-1+b1
2018-02-16 22:52:38 install libssh2-1:amd64 <none> 1.7.0-1
2018-02-16 22:52:38 status half-installed libssh2-1:amd64 1.7.0-1
2018-02-16 22:52:38 status unpacked libssh2-1:amd64 1.7.0-1
2018-02-16 22:52:38 status unpacked libssh2-1:amd64 1.7.0-1
2018-02-16 22:52:38 install libcurl3:amd64 <none> 7.52.1-5+deb9u4
2018-02-16 22:52:38 status half-installed libcurl3:amd64 7.52.1-5+deb9u4
2018-02-16 22:52:38 status unpacked libcurl3:amd64 7.52.1-5+deb9u4
2018-02-16 22:52:38 status unpacked libcurl3:amd64 7.52.1-5+deb9u4
2018-02-16 22:52:38 install curl:amd64 <none> 7.52.1-5+deb9u4
2018-02-16 22:52:38 status half-installed curl:amd64 7.52.1-5+deb9u4
2018-02-16 22:52:38 status unpacked curl:amd64 7.52.1-5+deb9u4
2018-02-16 22:52:38 status unpacked curl:amd64 7.52.1-5+deb9u4
2018-02-16 22:52:38 install libdpkg-perl:all <none> 1.18.24
2018-02-16 22:52:38 status half-installed libdpkg-perl:all 1.18.24
2018-02-16 22:52:38 status unpacked libdpkg-perl:all 1.18.24
2018-02-16 22:52:38 status unpacked libdpkg-perl:all 1.18.24
2018-02-16 22:52:38 install patch:amd64 <none> 2.7.5-1+b2
2018-02-16 22:52:38 status half-installed patch:amd64 2.7.5-1+b2
2018-02-16 22:52:38 status unpacked patch:amd64 2.7.5-1+b2
2018-02-16 22:52:38 status unpacked patch:amd64 2.7.5-1+b2
2018-02-16 22:52:38 install make:amd64 <none> 4.1-9.1
2018-02-16 22:52:38 status half-installed make:amd64 4.1-9.1
2018-02-16 22:52:38 status unpacked make:amd64 4.1-9.1
2018-02-16 22:52:38 status unpacked make:amd64 4.1-9.1
2018-02-16 22:52:38 install dpkg-dev:all <none> 1.18.24
2018-02-16 22:52:38 status half-installed dpkg-dev:all 1.18.24
2018-02-16 22:52:38 status unpacked dpkg-dev:all 1.18.24
2018-02-16 22:52:39 status unpacked dpkg-dev:all 1.18.24
2018-02-16 22:52:39 install libcc1-0:amd64 <none> 6.3.0-18
2018-02-16 22:52:39 status half-installed libcc1-0:amd64 6.3.0-18
2018-02-16 22:52:39 status unpacked libcc1-0:amd64 6.3.0-18
2018-02-16 22:52:39 status unpacked libcc1-0:amd64 6.3.0-18
2018-02-16 22:52:39 install libgomp1:amd64 <none> 6.3.0-18
2018-02-16 22:52:39 status half-installed libgomp1:amd64 6.3.0-18
2018-02-16 22:52:39 status unpacked libgomp1:amd64 6.3.0-18
2018-02-16 22:52:39 status unpacked libgomp1:amd64 6.3.0-18
2018-02-16 22:52:39 install libitm1:amd64 <none> 6.3.0-18
2018-02-16 22:52:39 status half-installed libitm1:amd64 6.3.0-18
2018-02-16 22:52:39 status unpacked libitm1:amd64 6.3.0-18
2018-02-16 22:52:39 status unpacked libitm1:amd64 6.3.0-18
2018-02-16 22:52:39 install libatomic1:amd64 <none> 6.3.0-18
2018-02-16 22:52:39 status half-installed libatomic1:amd64 6.3.0-18
2018-02-16 22:52:39 status unpacked libatomic1:amd64 6.3.0-18
2018-02-16 22:52:39 status unpacked libatomic1:amd64 6.3.0-18
2018-02-16 22:52:39 install libasan3:amd64 <none> 6.3.0-18
2018-02-16 22:52:39 status half-installed libasan3:amd64 6.3.0-18
2018-02-16 22:52:39 status unpacked libasan3:amd64 6.3.0-18
2018-02-16 22:52:39 status unpacked libasan3:amd64 6.3.0-18
2018-02-16 22:52:39 install liblsan0:amd64 <none> 6.3.0-18
2018-02-16 22:52:39 status half-installed liblsan0:amd64 6.3.0-18
2018-02-16 22:52:39 status unpacked liblsan0:amd64 6.3.0-18
2018-02-16 22:52:39 status unpacked liblsan0:amd64 6.3.0-18
2018-02-16 22:52:39 install libtsan0:amd64 <none> 6.3.0-18
2018-02-16 22:52:39 status half-installed libtsan0:amd64 6.3.0-18
2018-02-16 22:52:39 status unpacked libtsan0:amd64 6.3.0-18
2018-02-16 22:52:39 status unpacked libtsan0:amd64 6.3.0-18
2018-02-16 22:52:39 install libubsan0:amd64 <none> 6.3.0-18
2018-02-16 22:52:39 status half-installed libubsan0:amd64 6.3.0-18
2018-02-16 22:52:39 status unpacked libubsan0:amd64 6.3.0-18
2018-02-16 22:52:39 status unpacked libubsan0:amd64 6.3.0-18
2018-02-16 22:52:39 install libcilkrts5:amd64 <none> 6.3.0-18
2018-02-16 22:52:39 status half-installed libcilkrts5:amd64 6.3.0-18
2018-02-16 22:52:39 status unpacked libcilkrts5:amd64 6.3.0-18
2018-02-16 22:52:39 status unpacked libcilkrts5:amd64 6.3.0-18
2018-02-16 22:52:39 install libmpx2:amd64 <none> 6.3.0-18
2018-02-16 22:52:39 status half-installed libmpx2:amd64 6.3.0-18
2018-02-16 22:52:39 status unpacked libmpx2:amd64 6.3.0-18
2018-02-16 22:52:39 status unpacked libmpx2:amd64 6.3.0-18
2018-02-16 22:52:39 install libquadmath0:amd64 <none> 6.3.0-18
2018-02-16 22:52:39 status half-installed libquadmath0:amd64 6.3.0-18
2018-02-16 22:52:39 status unpacked libquadmath0:amd64 6.3.0-18
2018-02-16 22:52:39 status unpacked libquadmath0:amd64 6.3.0-18
2018-02-16 22:52:39 install libgcc-6-dev:amd64 <none> 6.3.0-18
2018-02-16 22:52:39 status half-installed libgcc-6-dev:amd64 6.3.0-18
2018-02-16 22:52:39 status unpacked libgcc-6-dev:amd64 6.3.0-18
2018-02-16 22:52:39 status unpacked libgcc-6-dev:amd64 6.3.0-18
2018-02-16 22:52:39 install gcc-6:amd64 <none> 6.3.0-18
2018-02-16 22:52:39 status half-installed gcc-6:amd64 6.3.0-18
2018-02-16 22:52:40 status unpacked gcc-6:amd64 6.3.0-18
2018-02-16 22:52:40 status unpacked gcc-6:amd64 6.3.0-18
2018-02-16 22:52:40 install gcc:amd64 <none> 4:6.3.0-4
2018-02-16 22:52:40 status half-installed gcc:amd64 4:6.3.0-4
2018-02-16 22:52:40 status unpacked gcc:amd64 4:6.3.0-4
2018-02-16 22:52:40 status unpacked gcc:amd64 4:6.3.0-4
2018-02-16 22:52:40 install libc-dev-bin:amd64 <none> 2.24-11+deb9u1
2018-02-16 22:52:40 status half-installed libc-dev-bin:amd64 2.24-11+deb9u1
2018-02-16 22:52:40 status unpacked libc-dev-bin:amd64 2.24-11+deb9u1
2018-02-16 22:52:40 status unpacked libc-dev-bin:amd64 2.24-11+deb9u1
2018-02-16 22:52:40 install linux-libc-dev:amd64 <none> 4.9.65-3+deb9u2
2018-02-16 22:52:40 status half-installed linux-libc-dev:amd64 4.9.65-3+deb9u2
2018-02-16 22:52:40 status unpacked linux-libc-dev:amd64 4.9.65-3+deb9u2
2018-02-16 22:52:40 status unpacked linux-libc-dev:amd64 4.9.65-3+deb9u2
2018-02-16 22:52:40 install libc6-dev:amd64 <none> 2.24-11+deb9u1
2018-02-16 22:52:40 status half-installed libc6-dev:amd64 2.24-11+deb9u1
2018-02-16 22:52:40 status unpacked libc6-dev:amd64 2.24-11+deb9u1
2018-02-16 22:52:40 status unpacked libc6-dev:amd64 2.24-11+deb9u1
2018-02-16 22:52:41 install libstdc++-6-dev:amd64 <none> 6.3.0-18
2018-02-16 22:52:41 status half-installed libstdc++-6-dev:amd64 6.3.0-18
2018-02-16 22:52:41 status unpacked libstdc++-6-dev:amd64 6.3.0-18
2018-02-16 22:52:41 status unpacked libstdc++-6-dev:amd64 6.3.0-18
2018-02-16 22:52:41 install g++-6:amd64 <none> 6.3.0-18
2018-02-16 22:52:41 status half-installed g++-6:amd64 6.3.0-18
2018-02-16 22:52:41 status unpacked g++-6:amd64 6.3.0-18
2018-02-16 22:52:41 status unpacked g++-6:amd64 6.3.0-18
2018-02-16 22:52:41 install g++:amd64 <none> 4:6.3.0-4
2018-02-16 22:52:41 status half-installed g++:amd64 4:6.3.0-4
2018-02-16 22:52:41 status unpacked g++:amd64 4:6.3.0-4
2018-02-16 22:52:41 status unpacked g++:amd64 4:6.3.0-4
2018-02-16 22:52:41 install libglib2.0-0:amd64 <none> 2.50.3-2
2018-02-16 22:52:41 status half-installed libglib2.0-0:amd64 2.50.3-2
2018-02-16 22:52:42 status unpacked libglib2.0-0:amd64 2.50.3-2
2018-02-16 22:52:42 status unpacked libglib2.0-0:amd64 2.50.3-2
2018-02-16 22:52:42 install pkg-config:amd64 <none> 0.29-4+b1
2018-02-16 22:52:42 status half-installed pkg-config:amd64 0.29-4+b1
2018-02-16 22:52:42 status unpacked pkg-config:amd64 0.29-4+b1
2018-02-16 22:52:42 status unpacked pkg-config:amd64 0.29-4+b1
2018-02-16 22:52:42 install re2c:amd64 <none> 0.16-2
2018-02-16 22:52:42 status half-installed re2c:amd64 0.16-2
2018-02-16 22:52:42 status unpacked re2c:amd64 0.16-2
2018-02-16 22:52:42 status unpacked re2c:amd64 0.16-2
2018-02-16 22:52:42 startup packages configure
2018-02-16 22:52:42 configure libquadmath0:amd64 6.3.0-18 <none>
2018-02-16 22:52:42 status unpacked libquadmath0:amd64 6.3.0-18
2018-02-16 22:52:42 status half-configured libquadmath0:amd64 6.3.0-18
2018-02-16 22:52:42 status installed libquadmath0:amd64 6.3.0-18
2018-02-16 22:52:42 configure libgomp1:amd64 6.3.0-18 <none>
2018-02-16 22:52:42 status unpacked libgomp1:amd64 6.3.0-18
2018-02-16 22:52:42 status half-configured libgomp1:amd64 6.3.0-18
2018-02-16 22:52:42 status installed libgomp1:amd64 6.3.0-18
2018-02-16 22:52:42 configure libatomic1:amd64 6.3.0-18 <none>
2018-02-16 22:52:42 status unpacked libatomic1:amd64 6.3.0-18
2018-02-16 22:52:42 status half-configured libatomic1:amd64 6.3.0-18
2018-02-16 22:52:42 status installed libatomic1:amd64 6.3.0-18
2018-02-16 22:52:42 configure perl-modules-5.24:all 5.24.1-3+deb9u2 <none>
2018-02-16 22:52:42 status unpacked perl-modules-5.24:all 5.24.1-3+deb9u2
2018-02-16 22:52:42 status half-configured perl-modules-5.24:all 5.24.1-3+deb9u2
2018-02-16 22:52:42 status installed perl-modules-5.24:all 5.24.1-3+deb9u2
2018-02-16 22:52:42 configure libgdbm3:amd64 1.8.3-14 <none>
2018-02-16 22:52:42 status unpacked libgdbm3:amd64 1.8.3-14
2018-02-16 22:52:42 status half-configured libgdbm3:amd64 1.8.3-14
2018-02-16 22:52:42 status installed libgdbm3:amd64 1.8.3-14
2018-02-16 22:52:42 configure libperl5.24:amd64 5.24.1-3+deb9u2 <none>
2018-02-16 22:52:42 status unpacked libperl5.24:amd64 5.24.1-3+deb9u2
2018-02-16 22:52:42 status half-configured libperl5.24:amd64 5.24.1-3+deb9u2
2018-02-16 22:52:42 status installed libperl5.24:amd64 5.24.1-3+deb9u2
2018-02-16 22:52:42 configure libnettle6:amd64 3.3-1+b2 <none>
2018-02-16 22:52:42 status unpacked libnettle6:amd64 3.3-1+b2
2018-02-16 22:52:42 status half-configured libnettle6:amd64 3.3-1+b2
2018-02-16 22:52:42 status installed libnettle6:amd64 3.3-1+b2
2018-02-16 22:52:42 configure libcc1-0:amd64 6.3.0-18 <none>
2018-02-16 22:52:42 status unpacked libcc1-0:amd64 6.3.0-18
2018-02-16 22:52:42 status half-configured libcc1-0:amd64 6.3.0-18
2018-02-16 22:52:42 status installed libcc1-0:amd64 6.3.0-18
2018-02-16 22:52:42 configure make:amd64 4.1-9.1 <none>
2018-02-16 22:52:42 status unpacked make:amd64 4.1-9.1
2018-02-16 22:52:42 status half-configured make:amd64 4.1-9.1
2018-02-16 22:52:42 status installed make:amd64 4.1-9.1
2018-02-16 22:52:42 configure libasan3:amd64 6.3.0-18 <none>
2018-02-16 22:52:42 status unpacked libasan3:amd64 6.3.0-18
2018-02-16 22:52:42 status half-configured libasan3:amd64 6.3.0-18
2018-02-16 22:52:42 status installed libasan3:amd64 6.3.0-18
2018-02-16 22:52:42 configure libnghttp2-14:amd64 1.18.1-1 <none>
2018-02-16 22:52:42 status unpacked libnghttp2-14:amd64 1.18.1-1
2018-02-16 22:52:42 status half-configured libnghttp2-14:amd64 1.18.1-1
2018-02-16 22:52:42 status installed libnghttp2-14:amd64 1.18.1-1
2018-02-16 22:52:42 configure libsigsegv2:amd64 2.10-5 <none>
2018-02-16 22:52:42 status unpacked libsigsegv2:amd64 2.10-5
2018-02-16 22:52:42 status half-configured libsigsegv2:amd64 2.10-5
2018-02-16 22:52:42 status installed libsigsegv2:amd64 2.10-5
2018-02-16 22:52:42 configure libldap-common:all 2.4.44+dfsg-5+deb9u1 <none>
2018-02-16 22:52:42 status unpacked libldap-common:all 2.4.44+dfsg-5+deb9u1
2018-02-16 22:52:42 status unpacked libldap-common:all 2.4.44+dfsg-5+deb9u1
2018-02-16 22:52:42 status half-configured libldap-common:all 2.4.44+dfsg-5+deb9u1
2018-02-16 22:52:42 status installed libldap-common:all 2.4.44+dfsg-5+deb9u1
2018-02-16 22:52:42 configure libcilkrts5:amd64 6.3.0-18 <none>
2018-02-16 22:52:42 status unpacked libcilkrts5:amd64 6.3.0-18
2018-02-16 22:52:42 status half-configured libcilkrts5:amd64 6.3.0-18
2018-02-16 22:52:42 status installed libcilkrts5:amd64 6.3.0-18
2018-02-16 22:52:42 configure re2c:amd64 0.16-2 <none>
2018-02-16 22:52:42 status unpacked re2c:amd64 0.16-2
2018-02-16 22:52:42 status half-configured re2c:amd64 0.16-2
2018-02-16 22:52:42 status installed re2c:amd64 0.16-2
2018-02-16 22:52:42 configure libubsan0:amd64 6.3.0-18 <none>
2018-02-16 22:52:42 status unpacked libubsan0:amd64 6.3.0-18
2018-02-16 22:52:42 status half-configured libubsan0:amd64 6.3.0-18
2018-02-16 22:52:42 status installed libubsan0:amd64 6.3.0-18
2018-02-16 22:52:42 configure libtsan0:amd64 6.3.0-18 <none>
2018-02-16 22:52:42 status unpacked libtsan0:amd64 6.3.0-18
2018-02-16 22:52:42 status half-configured libtsan0:amd64 6.3.0-18
2018-02-16 22:52:42 status installed libtsan0:amd64 6.3.0-18
2018-02-16 22:52:42 configure libsasl2-modules-db:amd64 2.1.27~101-g0780600+dfsg-3 <none>
2018-02-16 22:52:42 status unpacked libsasl2-modules-db:amd64 2.1.27~101-g0780600+dfsg-3
2018-02-16 22:52:42 status half-configured libsasl2-modules-db:amd64 2.1.27~101-g0780600+dfsg-3
2018-02-16 22:52:42 status installed libsasl2-modules-db:amd64 2.1.27~101-g0780600+dfsg-3
2018-02-16 22:52:42 configure linux-libc-dev:amd64 4.9.65-3+deb9u2 <none>
2018-02-16 22:52:42 status unpacked linux-libc-dev:amd64 4.9.65-3+deb9u2
2018-02-16 22:52:42 status half-configured linux-libc-dev:amd64 4.9.65-3+deb9u2
2018-02-16 22:52:42 status installed linux-libc-dev:amd64 4.9.65-3+deb9u2
2018-02-16 22:52:42 configure libsasl2-2:amd64 2.1.27~101-g0780600+dfsg-3 <none>
2018-02-16 22:52:42 status unpacked libsasl2-2:amd64 2.1.27~101-g0780600+dfsg-3
2018-02-16 22:52:42 status half-configured libsasl2-2:amd64 2.1.27~101-g0780600+dfsg-3
2018-02-16 22:52:42 status installed libsasl2-2:amd64 2.1.27~101-g0780600+dfsg-3
2018-02-16 22:52:42 configure m4:amd64 1.4.18-1 <none>
2018-02-16 22:52:42 status unpacked m4:amd64 1.4.18-1
2018-02-16 22:52:42 status half-configured m4:amd64 1.4.18-1
2018-02-16 22:52:42 status installed m4:amd64 1.4.18-1
2018-02-16 22:52:42 configure libtasn1-6:amd64 4.10-1.1+deb9u1 <none>
2018-02-16 22:52:42 status unpacked libtasn1-6:amd64 4.10-1.1+deb9u1
2018-02-16 22:52:42 status half-configured libtasn1-6:amd64 4.10-1.1+deb9u1
2018-02-16 22:52:42 status installed libtasn1-6:amd64 4.10-1.1+deb9u1
2018-02-16 22:52:42 configure libmagic-mgc:amd64 1:5.30-1+deb9u1 <none>
2018-02-16 22:52:42 status unpacked libmagic-mgc:amd64 1:5.30-1+deb9u1
2018-02-16 22:52:42 status half-configured libmagic-mgc:amd64 1:5.30-1+deb9u1
2018-02-16 22:52:42 status installed libmagic-mgc:amd64 1:5.30-1+deb9u1
2018-02-16 22:52:42 configure bzip2:amd64 1.0.6-8.1 <none>
2018-02-16 22:52:42 status unpacked bzip2:amd64 1.0.6-8.1
2018-02-16 22:52:42 status half-configured bzip2:amd64 1.0.6-8.1
2018-02-16 22:52:42 status installed bzip2:amd64 1.0.6-8.1
2018-02-16 22:52:42 configure libmagic1:amd64 1:5.30-1+deb9u1 <none>
2018-02-16 22:52:42 status unpacked libmagic1:amd64 1:5.30-1+deb9u1
2018-02-16 22:52:42 status unpacked libmagic1:amd64 1:5.30-1+deb9u1
2018-02-16 22:52:42 status unpacked libmagic1:amd64 1:5.30-1+deb9u1
2018-02-16 22:52:42 status half-configured libmagic1:amd64 1:5.30-1+deb9u1
2018-02-16 22:52:42 status installed libmagic1:amd64 1:5.30-1+deb9u1
2018-02-16 22:52:42 configure liblsan0:amd64 6.3.0-18 <none>
2018-02-16 22:52:42 status unpacked liblsan0:amd64 6.3.0-18
2018-02-16 22:52:42 status half-configured liblsan0:amd64 6.3.0-18
2018-02-16 22:52:42 status installed liblsan0:amd64 6.3.0-18
2018-02-16 22:52:42 configure perl:amd64 5.24.1-3+deb9u2 <none>
2018-02-16 22:52:42 status unpacked perl:amd64 5.24.1-3+deb9u2
2018-02-16 22:52:42 status unpacked perl:amd64 5.24.1-3+deb9u2
2018-02-16 22:52:42 status unpacked perl:amd64 5.24.1-3+deb9u2
2018-02-16 22:52:42 status half-configured perl:amd64 5.24.1-3+deb9u2
2018-02-16 22:52:42 status installed perl:amd64 5.24.1-3+deb9u2
2018-02-16 22:52:42 configure libssl1.0.2:amd64 1.0.2l-2+deb9u2 <none>
2018-02-16 22:52:42 status unpacked libssl1.0.2:amd64 1.0.2l-2+deb9u2
2018-02-16 22:52:42 status half-configured libssl1.0.2:amd64 1.0.2l-2+deb9u2
2018-02-16 22:52:42 status installed libssl1.0.2:amd64 1.0.2l-2+deb9u2
2018-02-16 22:52:42 configure libmpx2:amd64 6.3.0-18 <none>
2018-02-16 22:52:42 status unpacked libmpx2:amd64 6.3.0-18
2018-02-16 22:52:42 status half-configured libmpx2:amd64 6.3.0-18
2018-02-16 22:52:42 status installed libmpx2:amd64 6.3.0-18
2018-02-16 22:52:42 configure libgmp10:amd64 2:6.1.2+dfsg-1 <none>
2018-02-16 22:52:42 status unpacked libgmp10:amd64 2:6.1.2+dfsg-1
2018-02-16 22:52:42 status half-configured libgmp10:amd64 2:6.1.2+dfsg-1
2018-02-16 22:52:42 status installed libgmp10:amd64 2:6.1.2+dfsg-1
2018-02-16 22:52:42 configure libssh2-1:amd64 1.7.0-1 <none>
2018-02-16 22:52:42 status unpacked libssh2-1:amd64 1.7.0-1
2018-02-16 22:52:42 status half-configured libssh2-1:amd64 1.7.0-1
2018-02-16 22:52:42 status installed libssh2-1:amd64 1.7.0-1
2018-02-16 22:52:42 configure patch:amd64 2.7.5-1+b2 <none>
2018-02-16 22:52:42 status unpacked patch:amd64 2.7.5-1+b2
2018-02-16 22:52:42 status half-configured patch:amd64 2.7.5-1+b2
2018-02-16 22:52:42 status installed patch:amd64 2.7.5-1+b2
2018-02-16 22:52:42 trigproc libc-bin:amd64 2.24-11+deb9u1 <none>
2018-02-16 22:52:42 status half-configured libc-bin:amd64 2.24-11+deb9u1
2018-02-16 22:52:43 status installed libc-bin:amd64 2.24-11+deb9u1
2018-02-16 22:52:43 configure libunistring0:amd64 0.9.6+really0.9.3-0.1 <none>
2018-02-16 22:52:43 status triggers-pending libc-bin:amd64 2.24-11+deb9u1
2018-02-16 22:52:43 status unpacked libunistring0:amd64 0.9.6+really0.9.3-0.1
2018-02-16 22:52:43 status half-configured libunistring0:amd64 0.9.6+really0.9.3-0.1
2018-02-16 22:52:43 status installed libunistring0:amd64 0.9.6+really0.9.3-0.1
2018-02-16 22:52:43 configure libssl1.1:amd64 1.1.0f-3+deb9u1 <none>
2018-02-16 22:52:43 status unpacked libssl1.1:amd64 1.1.0f-3+deb9u1
2018-02-16 22:52:43 status half-configured libssl1.1:amd64 1.1.0f-3+deb9u1
2018-02-16 22:52:43 status installed libssl1.1:amd64 1.1.0f-3+deb9u1
2018-02-16 22:52:43 configure xz-utils:amd64 5.2.2-1.2+b1 <none>
2018-02-16 22:52:43 status unpacked xz-utils:amd64 5.2.2-1.2+b1
2018-02-16 22:52:43 status half-configured xz-utils:amd64 5.2.2-1.2+b1
2018-02-16 22:52:43 status installed xz-utils:amd64 5.2.2-1.2+b1
2018-02-16 22:52:43 configure openssl:amd64 1.1.0f-3+deb9u1 <none>
2018-02-16 22:52:43 status unpacked openssl:amd64 1.1.0f-3+deb9u1
2018-02-16 22:52:43 status unpacked openssl:amd64 1.1.0f-3+deb9u1
2018-02-16 22:52:43 status half-configured openssl:amd64 1.1.0f-3+deb9u1
2018-02-16 22:52:43 status installed openssl:amd64 1.1.0f-3+deb9u1
2018-02-16 22:52:43 configure libmpfr4:amd64 3.1.5-1 <none>
2018-02-16 22:52:43 status unpacked libmpfr4:amd64 3.1.5-1
2018-02-16 22:52:43 status half-configured libmpfr4:amd64 3.1.5-1
2018-02-16 22:52:43 status installed libmpfr4:amd64 3.1.5-1
2018-02-16 22:52:43 configure libmpc3:amd64 1.0.3-1+b2 <none>
2018-02-16 22:52:43 status unpacked libmpc3:amd64 1.0.3-1+b2
2018-02-16 22:52:43 status half-configured libmpc3:amd64 1.0.3-1+b2
2018-02-16 22:52:43 status installed libmpc3:amd64 1.0.3-1+b2
2018-02-16 22:52:43 configure binutils:amd64 2.28-5 <none>
2018-02-16 22:52:43 status unpacked binutils:amd64 2.28-5
2018-02-16 22:52:43 status half-configured binutils:amd64 2.28-5
2018-02-16 22:52:43 status installed binutils:amd64 2.28-5
2018-02-16 22:52:43 configure libffi6:amd64 3.2.1-6 <none>
2018-02-16 22:52:43 status unpacked libffi6:amd64 3.2.1-6
2018-02-16 22:52:43 status half-configured libffi6:amd64 3.2.1-6
2018-02-16 22:52:43 status installed libffi6:amd64 3.2.1-6
2018-02-16 22:52:43 configure libc-dev-bin:amd64 2.24-11+deb9u1 <none>
2018-02-16 22:52:43 status unpacked libc-dev-bin:amd64 2.24-11+deb9u1
2018-02-16 22:52:43 status half-configured libc-dev-bin:amd64 2.24-11+deb9u1
2018-02-16 22:52:43 status installed libc-dev-bin:amd64 2.24-11+deb9u1
2018-02-16 22:52:43 configure libkeyutils1:amd64 1.5.9-9 <none>
2018-02-16 22:52:43 status unpacked libkeyutils1:amd64 1.5.9-9
2018-02-16 22:52:43 status half-configured libkeyutils1:amd64 1.5.9-9
2018-02-16 22:52:43 status installed libkeyutils1:amd64 1.5.9-9
2018-02-16 22:52:43 configure ca-certificates:all 20161130+nmu1 <none>
2018-02-16 22:52:43 status unpacked ca-certificates:all 20161130+nmu1
2018-02-16 22:52:43 status half-configured ca-certificates:all 20161130+nmu1
2018-02-16 22:52:45 status installed ca-certificates:all 20161130+nmu1
2018-02-16 22:52:45 status triggers-pending ca-certificates:all 20161130+nmu1
2018-02-16 22:52:45 configure libc6-dev:amd64 2.24-11+deb9u1 <none>
2018-02-16 22:52:45 status unpacked libc6-dev:amd64 2.24-11+deb9u1
2018-02-16 22:52:45 status half-configured libc6-dev:amd64 2.24-11+deb9u1
2018-02-16 22:52:45 status installed libc6-dev:amd64 2.24-11+deb9u1
2018-02-16 22:52:45 configure libitm1:amd64 6.3.0-18 <none>
2018-02-16 22:52:45 status unpacked libitm1:amd64 6.3.0-18
2018-02-16 22:52:45 status half-configured libitm1:amd64 6.3.0-18
2018-02-16 22:52:45 status installed libitm1:amd64 6.3.0-18
2018-02-16 22:52:45 configure libidn11:amd64 1.33-1 <none>
2018-02-16 22:52:45 status unpacked libidn11:amd64 1.33-1
2018-02-16 22:52:45 status half-configured libidn11:amd64 1.33-1
2018-02-16 22:52:45 status installed libidn11:amd64 1.33-1
2018-02-16 22:52:45 configure libidn2-0:amd64 0.16-1+deb9u1 <none>
2018-02-16 22:52:45 status unpacked libidn2-0:amd64 0.16-1+deb9u1
2018-02-16 22:52:45 status half-configured libidn2-0:amd64 0.16-1+deb9u1
2018-02-16 22:52:45 status installed libidn2-0:amd64 0.16-1+deb9u1
2018-02-16 22:52:45 configure libgcc-6-dev:amd64 6.3.0-18 <none>
2018-02-16 22:52:45 status unpacked libgcc-6-dev:amd64 6.3.0-18
2018-02-16 22:52:45 status half-configured libgcc-6-dev:amd64 6.3.0-18
2018-02-16 22:52:45 status installed libgcc-6-dev:amd64 6.3.0-18
2018-02-16 22:52:45 configure libstdc++-6-dev:amd64 6.3.0-18 <none>
2018-02-16 22:52:45 status unpacked libstdc++-6-dev:amd64 6.3.0-18
2018-02-16 22:52:45 status half-configured libstdc++-6-dev:amd64 6.3.0-18
2018-02-16 22:52:45 status installed libstdc++-6-dev:amd64 6.3.0-18
2018-02-16 22:52:45 configure libpsl5:amd64 0.17.0-3 <none>
2018-02-16 22:52:45 status unpacked libpsl5:amd64 0.17.0-3
2018-02-16 22:52:45 status half-configured libpsl5:amd64 0.17.0-3
2018-02-16 22:52:45 status installed libpsl5:amd64 0.17.0-3
2018-02-16 22:52:45 configure libglib2.0-0:amd64 2.50.3-2 <none>
2018-02-16 22:52:45 status unpacked libglib2.0-0:amd64 2.50.3-2
2018-02-16 22:52:45 status half-configured libglib2.0-0:amd64 2.50.3-2
2018-02-16 22:52:45 status installed libglib2.0-0:amd64 2.50.3-2
2018-02-16 22:52:45 configure libdpkg-perl:all 1.18.24 <none>
2018-02-16 22:52:45 status unpacked libdpkg-perl:all 1.18.24
2018-02-16 22:52:45 status half-configured libdpkg-perl:all 1.18.24
2018-02-16 22:52:45 status installed libdpkg-perl:all 1.18.24
2018-02-16 22:52:45 configure autoconf:all 2.69-10 <none>
2018-02-16 22:52:45 status unpacked autoconf:all 2.69-10
2018-02-16 22:52:45 status unpacked autoconf:all 2.69-10
2018-02-16 22:52:45 status half-configured autoconf:all 2.69-10
2018-02-16 22:52:45 status installed autoconf:all 2.69-10
2018-02-16 22:52:45 configure file:amd64 1:5.30-1+deb9u1 <none>
2018-02-16 22:52:45 status unpacked file:amd64 1:5.30-1+deb9u1
2018-02-16 22:52:45 status half-configured file:amd64 1:5.30-1+deb9u1
2018-02-16 22:52:45 status installed file:amd64 1:5.30-1+deb9u1
2018-02-16 22:52:45 configure libkrb5support0:amd64 1.15-1+deb9u1 <none>
2018-02-16 22:52:45 status unpacked libkrb5support0:amd64 1.15-1+deb9u1
2018-02-16 22:52:45 status half-configured libkrb5support0:amd64 1.15-1+deb9u1
2018-02-16 22:52:45 status installed libkrb5support0:amd64 1.15-1+deb9u1
2018-02-16 22:52:45 configure libhogweed4:amd64 3.3-1+b2 <none>
2018-02-16 22:52:45 status unpacked libhogweed4:amd64 3.3-1+b2
2018-02-16 22:52:45 status half-configured libhogweed4:amd64 3.3-1+b2
2018-02-16 22:52:45 status installed libhogweed4:amd64 3.3-1+b2
2018-02-16 22:52:45 configure pkg-config:amd64 0.29-4+b1 <none>
2018-02-16 22:52:45 status unpacked pkg-config:amd64 0.29-4+b1
2018-02-16 22:52:45 status unpacked pkg-config:amd64 0.29-4+b1
2018-02-16 22:52:45 status half-configured pkg-config:amd64 0.29-4+b1
2018-02-16 22:52:45 status installed pkg-config:amd64 0.29-4+b1
2018-02-16 22:52:45 configure libisl15:amd64 0.18-1 <none>
2018-02-16 22:52:45 status unpacked libisl15:amd64 0.18-1
2018-02-16 22:52:45 status half-configured libisl15:amd64 0.18-1
2018-02-16 22:52:45 status installed libisl15:amd64 0.18-1
2018-02-16 22:52:45 configure dpkg-dev:all 1.18.24 <none>
2018-02-16 22:52:45 status unpacked dpkg-dev:all 1.18.24
2018-02-16 22:52:45 status unpacked dpkg-dev:all 1.18.24
2018-02-16 22:52:45 status unpacked dpkg-dev:all 1.18.24
2018-02-16 22:52:45 status half-configured dpkg-dev:all 1.18.24
2018-02-16 22:52:45 status installed dpkg-dev:all 1.18.24
2018-02-16 22:52:45 configure libp11-kit0:amd64 0.23.3-2 <none>
2018-02-16 22:52:45 status unpacked libp11-kit0:amd64 0.23.3-2
2018-02-16 22:52:45 status half-configured libp11-kit0:amd64 0.23.3-2
2018-02-16 22:52:45 status installed libp11-kit0:amd64 0.23.3-2
2018-02-16 22:52:45 configure cpp-6:amd64 6.3.0-18 <none>
2018-02-16 22:52:45 status unpacked cpp-6:amd64 6.3.0-18
2018-02-16 22:52:45 status half-configured cpp-6:amd64 6.3.0-18
2018-02-16 22:52:45 status installed cpp-6:amd64 6.3.0-18
2018-02-16 22:52:45 configure cpp:amd64 4:6.3.0-4 <none>
2018-02-16 22:52:45 status unpacked cpp:amd64 4:6.3.0-4
2018-02-16 22:52:45 status half-configured cpp:amd64 4:6.3.0-4
2018-02-16 22:52:45 status installed cpp:amd64 4:6.3.0-4
2018-02-16 22:52:45 configure libk5crypto3:amd64 1.15-1+deb9u1 <none>
2018-02-16 22:52:45 status unpacked libk5crypto3:amd64 1.15-1+deb9u1
2018-02-16 22:52:45 status half-configured libk5crypto3:amd64 1.15-1+deb9u1
2018-02-16 22:52:45 status installed libk5crypto3:amd64 1.15-1+deb9u1
2018-02-16 22:52:45 configure libgnutls30:amd64 3.5.8-5+deb9u3 <none>
2018-02-16 22:52:45 status unpacked libgnutls30:amd64 3.5.8-5+deb9u3
2018-02-16 22:52:45 status half-configured libgnutls30:amd64 3.5.8-5+deb9u3
2018-02-16 22:52:45 status installed libgnutls30:amd64 3.5.8-5+deb9u3
2018-02-16 22:52:45 configure librtmp1:amd64 2.4+20151223.gitfa8646d.1-1+b1 <none>
2018-02-16 22:52:45 status unpacked librtmp1:amd64 2.4+20151223.gitfa8646d.1-1+b1
2018-02-16 22:52:45 status half-configured librtmp1:amd64 2.4+20151223.gitfa8646d.1-1+b1
2018-02-16 22:52:45 status installed librtmp1:amd64 2.4+20151223.gitfa8646d.1-1+b1
2018-02-16 22:52:45 configure gcc-6:amd64 6.3.0-18 <none>
2018-02-16 22:52:45 status unpacked gcc-6:amd64 6.3.0-18
2018-02-16 22:52:45 status half-configured gcc-6:amd64 6.3.0-18
2018-02-16 22:52:45 status installed gcc-6:amd64 6.3.0-18
2018-02-16 22:52:45 configure g++-6:amd64 6.3.0-18 <none>
2018-02-16 22:52:45 status unpacked g++-6:amd64 6.3.0-18
2018-02-16 22:52:45 status half-configured g++-6:amd64 6.3.0-18
2018-02-16 22:52:45 status installed g++-6:amd64 6.3.0-18
2018-02-16 22:52:45 configure libldap-2.4-2:amd64 2.4.44+dfsg-5+deb9u1 <none>
2018-02-16 22:52:45 status unpacked libldap-2.4-2:amd64 2.4.44+dfsg-5+deb9u1
2018-02-16 22:52:45 status half-configured libldap-2.4-2:amd64 2.4.44+dfsg-5+deb9u1
2018-02-16 22:52:45 status installed libldap-2.4-2:amd64 2.4.44+dfsg-5+deb9u1
2018-02-16 22:52:45 configure libkrb5-3:amd64 1.15-1+deb9u1 <none>
2018-02-16 22:52:45 status unpacked libkrb5-3:amd64 1.15-1+deb9u1
2018-02-16 22:52:45 status half-configured libkrb5-3:amd64 1.15-1+deb9u1
2018-02-16 22:52:45 status installed libkrb5-3:amd64 1.15-1+deb9u1
2018-02-16 22:52:45 configure gcc:amd64 4:6.3.0-4 <none>
2018-02-16 22:52:45 status unpacked gcc:amd64 4:6.3.0-4
2018-02-16 22:52:45 status half-configured gcc:amd64 4:6.3.0-4
2018-02-16 22:52:45 status installed gcc:amd64 4:6.3.0-4
2018-02-16 22:52:45 configure libgssapi-krb5-2:amd64 1.15-1+deb9u1 <none>
2018-02-16 22:52:45 status unpacked libgssapi-krb5-2:amd64 1.15-1+deb9u1
2018-02-16 22:52:45 status unpacked libgssapi-krb5-2:amd64 1.15-1+deb9u1
2018-02-16 22:52:45 status half-configured libgssapi-krb5-2:amd64 1.15-1+deb9u1
2018-02-16 22:52:45 status installed libgssapi-krb5-2:amd64 1.15-1+deb9u1
2018-02-16 22:52:45 configure g++:amd64 4:6.3.0-4 <none>
2018-02-16 22:52:45 status unpacked g++:amd64 4:6.3.0-4
2018-02-16 22:52:45 status half-configured g++:amd64 4:6.3.0-4
2018-02-16 22:52:45 status installed g++:amd64 4:6.3.0-4
2018-02-16 22:52:45 configure libcurl3:amd64 7.52.1-5+deb9u4 <none>
2018-02-16 22:52:45 status unpacked libcurl3:amd64 7.52.1-5+deb9u4
2018-02-16 22:52:45 status half-configured libcurl3:amd64 7.52.1-5+deb9u4
2018-02-16 22:52:45 status installed libcurl3:amd64 7.52.1-5+deb9u4
2018-02-16 22:52:45 configure curl:amd64 7.52.1-5+deb9u4 <none>
2018-02-16 22:52:45 status unpacked curl:amd64 7.52.1-5+deb9u4
2018-02-16 22:52:45 status half-configured curl:amd64 7.52.1-5+deb9u4
2018-02-16 22:52:45 status installed curl:amd64 7.52.1-5+deb9u4
2018-02-16 22:52:45 trigproc libc-bin:amd64 2.24-11+deb9u1 <none>
2018-02-16 22:52:45 status half-configured libc-bin:amd64 2.24-11+deb9u1
2018-02-16 22:52:45 status installed libc-bin:amd64 2.24-11+deb9u1
2018-02-16 22:52:45 trigproc ca-certificates:all 20161130+nmu1 <none>
2018-02-16 22:52:45 status half-configured ca-certificates:all 20161130+nmu1
2018-02-16 22:52:46 status installed ca-certificates:all 20161130+nmu1
2018-02-16 23:33:06 startup archives unpack
2018-02-16 23:33:06 install libassuan0:amd64 <none> 2.4.3-2
2018-02-16 23:33:06 status triggers-pending libc-bin:amd64 2.24-11+deb9u1
2018-02-16 23:33:06 status half-installed libassuan0:amd64 2.4.3-2
2018-02-16 23:33:06 status unpacked libassuan0:amd64 2.4.3-2
2018-02-16 23:33:06 status unpacked libassuan0:amd64 2.4.3-2
2018-02-16 23:33:06 install pinentry-curses:amd64 <none> 1.0.0-2
2018-02-16 23:33:06 status half-installed pinentry-curses:amd64 1.0.0-2
2018-02-16 23:33:06 status unpacked pinentry-curses:amd64 1.0.0-2
2018-02-16 23:33:06 status unpacked pinentry-curses:amd64 1.0.0-2
2018-02-16 23:33:06 install libnpth0:amd64 <none> 1.3-1
2018-02-16 23:33:06 status half-installed libnpth0:amd64 1.3-1
2018-02-16 23:33:06 status unpacked libnpth0:amd64 1.3-1
2018-02-16 23:33:06 status unpacked libnpth0:amd64 1.3-1
2018-02-16 23:33:06 install readline-common:all <none> 7.0-3
2018-02-16 23:33:06 status half-installed readline-common:all 7.0-3
2018-02-16 23:33:06 status unpacked readline-common:all 7.0-3
2018-02-16 23:33:06 status unpacked readline-common:all 7.0-3
2018-02-16 23:33:06 install libreadline7:amd64 <none> 7.0-3
2018-02-16 23:33:06 status half-installed libreadline7:amd64 7.0-3
2018-02-16 23:33:06 status unpacked libreadline7:amd64 7.0-3
2018-02-16 23:33:06 status unpacked libreadline7:amd64 7.0-3
2018-02-16 23:33:07 install gnupg-agent:amd64 <none> 2.1.18-8~deb9u1
2018-02-16 23:33:07 status half-installed gnupg-agent:amd64 2.1.18-8~deb9u1
2018-02-16 23:33:07 status unpacked gnupg-agent:amd64 2.1.18-8~deb9u1
2018-02-16 23:33:07 status unpacked gnupg-agent:amd64 2.1.18-8~deb9u1
2018-02-16 23:33:07 install libksba8:amd64 <none> 1.3.5-2
2018-02-16 23:33:07 status half-installed libksba8:amd64 1.3.5-2
2018-02-16 23:33:07 status unpacked libksba8:amd64 1.3.5-2
2018-02-16 23:33:07 status unpacked libksba8:amd64 1.3.5-2
2018-02-16 23:33:07 install libsqlite3-0:amd64 <none> 3.16.2-5+deb9u1
2018-02-16 23:33:07 status half-installed libsqlite3-0:amd64 3.16.2-5+deb9u1
2018-02-16 23:33:07 status unpacked libsqlite3-0:amd64 3.16.2-5+deb9u1
2018-02-16 23:33:07 status unpacked libsqlite3-0:amd64 3.16.2-5+deb9u1
2018-02-16 23:33:07 install gnupg:amd64 <none> 2.1.18-8~deb9u1
2018-02-16 23:33:07 status half-installed gnupg:amd64 2.1.18-8~deb9u1
2018-02-16 23:33:07 status unpacked gnupg:amd64 2.1.18-8~deb9u1
2018-02-16 23:33:07 status unpacked gnupg:amd64 2.1.18-8~deb9u1
2018-02-16 23:33:07 install wget:amd64 <none> 1.18-5+deb9u1
2018-02-16 23:33:07 status half-installed wget:amd64 1.18-5+deb9u1
2018-02-16 23:33:07 status unpacked wget:amd64 1.18-5+deb9u1
2018-02-16 23:33:07 status unpacked wget:amd64 1.18-5+deb9u1
2018-02-16 23:33:07 install dirmngr:amd64 <none> 2.1.18-8~deb9u1
2018-02-16 23:33:07 status half-installed dirmngr:amd64 2.1.18-8~deb9u1
2018-02-16 23:33:07 status unpacked dirmngr:amd64 2.1.18-8~deb9u1
2018-02-16 23:33:07 status unpacked dirmngr:amd64 2.1.18-8~deb9u1
2018-02-16 23:33:07 startup packages configure
2018-02-16 23:33:07 configure libnpth0:amd64 1.3-1 <none>
2018-02-16 23:33:07 status unpacked libnpth0:amd64 1.3-1
2018-02-16 23:33:07 status half-configured libnpth0:amd64 1.3-1
2018-02-16 23:33:07 status installed libnpth0:amd64 1.3-1
2018-02-16 23:33:07 configure readline-common:all 7.0-3 <none>
2018-02-16 23:33:07 status unpacked readline-common:all 7.0-3
2018-02-16 23:33:07 status half-configured readline-common:all 7.0-3
2018-02-16 23:33:07 status installed readline-common:all 7.0-3
2018-02-16 23:33:07 configure libreadline7:amd64 7.0-3 <none>
2018-02-16 23:33:07 status unpacked libreadline7:amd64 7.0-3
2018-02-16 23:33:07 status half-configured libreadline7:amd64 7.0-3
2018-02-16 23:33:07 status installed libreadline7:amd64 7.0-3
2018-02-16 23:33:07 configure libksba8:amd64 1.3.5-2 <none>
2018-02-16 23:33:07 status unpacked libksba8:amd64 1.3.5-2
2018-02-16 23:33:07 status half-configured libksba8:amd64 1.3.5-2
2018-02-16 23:33:07 status installed libksba8:amd64 1.3.5-2
2018-02-16 23:33:07 trigproc libc-bin:amd64 2.24-11+deb9u1 <none>
2018-02-16 23:33:07 status half-configured libc-bin:amd64 2.24-11+deb9u1
2018-02-16 23:33:07 status installed libc-bin:amd64 2.24-11+deb9u1
2018-02-16 23:33:07 configure wget:amd64 1.18-5+deb9u1 <none>
2018-02-16 23:33:07 status unpacked wget:amd64 1.18-5+deb9u1
2018-02-16 23:33:07 status unpacked wget:amd64 1.18-5+deb9u1
2018-02-16 23:33:07 status half-configured wget:amd64 1.18-5+deb9u1
2018-02-16 23:33:07 status installed wget:amd64 1.18-5+deb9u1
2018-02-16 23:33:07 configure libsqlite3-0:amd64 3.16.2-5+deb9u1 <none>
2018-02-16 23:33:07 status triggers-pending libc-bin:amd64 2.24-11+deb9u1
2018-02-16 23:33:07 status unpacked libsqlite3-0:amd64 3.16.2-5+deb9u1
2018-02-16 23:33:07 status half-configured libsqlite3-0:amd64 3.16.2-5+deb9u1
2018-02-16 23:33:07 status installed libsqlite3-0:amd64 3.16.2-5+deb9u1
2018-02-16 23:33:07 configure libassuan0:amd64 2.4.3-2 <none>
2018-02-16 23:33:07 status unpacked libassuan0:amd64 2.4.3-2
2018-02-16 23:33:07 status half-configured libassuan0:amd64 2.4.3-2
2018-02-16 23:33:07 status installed libassuan0:amd64 2.4.3-2
2018-02-16 23:33:07 configure pinentry-curses:amd64 1.0.0-2 <none>
2018-02-16 23:33:07 status unpacked pinentry-curses:amd64 1.0.0-2
2018-02-16 23:33:07 status half-configured pinentry-curses:amd64 1.0.0-2
2018-02-16 23:33:07 status installed pinentry-curses:amd64 1.0.0-2
2018-02-16 23:33:07 configure gnupg-agent:amd64 2.1.18-8~deb9u1 <none>
2018-02-16 23:33:07 status unpacked gnupg-agent:amd64 2.1.18-8~deb9u1
2018-02-16 23:33:07 status unpacked gnupg-agent:amd64 2.1.18-8~deb9u1
2018-02-16 23:33:07 status half-configured gnupg-agent:amd64 2.1.18-8~deb9u1
2018-02-16 23:33:07 status installed gnupg-agent:amd64 2.1.18-8~deb9u1
2018-02-16 23:33:07 configure dirmngr:amd64 2.1.18-8~deb9u1 <none>
2018-02-16 23:33:07 status unpacked dirmngr:amd64 2.1.18-8~deb9u1
2018-02-16 23:33:07 status half-configured dirmngr:amd64 2.1.18-8~deb9u1
2018-02-16 23:33:07 status installed dirmngr:amd64 2.1.18-8~deb9u1
2018-02-16 23:33:07 configure gnupg:amd64 2.1.18-8~deb9u1 <none>
2018-02-16 23:33:07 status unpacked gnupg:amd64 2.1.18-8~deb9u1
2018-02-16 23:33:07 status half-configured gnupg:amd64 2.1.18-8~deb9u1
2018-02-16 23:33:07 status installed gnupg:amd64 2.1.18-8~deb9u1
2018-02-16 23:33:07 trigproc libc-bin:amd64 2.24-11+deb9u1 <none>
2018-02-16 23:33:07 status half-configured libc-bin:amd64 2.24-11+deb9u1
2018-02-16 23:33:07 status installed libc-bin:amd64 2.24-11+deb9u1
2018-02-16 23:33:13 startup packages remove
2018-02-16 23:33:13 status installed dirmngr:amd64 2.1.18-8~deb9u1
2018-02-16 23:33:13 remove dirmngr:amd64 2.1.18-8~deb9u1 <none>
2018-02-16 23:33:13 status half-configured dirmngr:amd64 2.1.18-8~deb9u1
2018-02-16 23:33:13 status half-installed dirmngr:amd64 2.1.18-8~deb9u1
2018-02-16 23:33:13 status config-files dirmngr:amd64 2.1.18-8~deb9u1
2018-02-16 23:33:13 status config-files dirmngr:amd64 2.1.18-8~deb9u1
2018-02-16 23:33:13 status installed gnupg:amd64 2.1.18-8~deb9u1
2018-02-16 23:33:13 remove gnupg:amd64 2.1.18-8~deb9u1 <none>
2018-02-16 23:33:13 status half-configured gnupg:amd64 2.1.18-8~deb9u1
2018-02-16 23:33:13 status half-installed gnupg:amd64 2.1.18-8~deb9u1
2018-02-16 23:33:13 status config-files gnupg:amd64 2.1.18-8~deb9u1
2018-02-16 23:33:13 status config-files gnupg:amd64 2.1.18-8~deb9u1
2018-02-16 23:33:13 status config-files gnupg:amd64 2.1.18-8~deb9u1
2018-02-16 23:33:13 status not-installed gnupg:amd64 <none>
2018-02-16 23:33:13 status installed gnupg-agent:amd64 2.1.18-8~deb9u1
2018-02-16 23:33:13 remove gnupg-agent:amd64 2.1.18-8~deb9u1 <none>
2018-02-16 23:33:13 status half-configured gnupg-agent:amd64 2.1.18-8~deb9u1
2018-02-16 23:33:13 status half-installed gnupg-agent:amd64 2.1.18-8~deb9u1
2018-02-16 23:33:13 status config-files gnupg-agent:amd64 2.1.18-8~deb9u1
2018-02-16 23:33:13 status config-files gnupg-agent:amd64 2.1.18-8~deb9u1
2018-02-16 23:33:13 status installed pinentry-curses:amd64 1.0.0-2
2018-02-16 23:33:14 remove pinentry-curses:amd64 1.0.0-2 <none>
2018-02-16 23:33:14 status half-configured pinentry-curses:amd64 1.0.0-2
2018-02-16 23:33:14 status half-installed pinentry-curses:amd64 1.0.0-2
2018-02-16 23:33:14 status config-files pinentry-curses:amd64 1.0.0-2
2018-02-16 23:33:14 status config-files pinentry-curses:amd64 1.0.0-2
2018-02-16 23:33:14 status config-files pinentry-curses:amd64 1.0.0-2
2018-02-16 23:33:14 status not-installed pinentry-curses:amd64 <none>
2018-02-16 23:33:14 status installed libassuan0:amd64 2.4.3-2
2018-02-16 23:33:14 remove libassuan0:amd64 2.4.3-2 <none>
2018-02-16 23:33:14 status triggers-pending libc-bin:amd64 2.24-11+deb9u1
2018-02-16 23:33:14 status half-configured libassuan0:amd64 2.4.3-2
2018-02-16 23:33:14 status half-installed libassuan0:amd64 2.4.3-2
2018-02-16 23:33:14 status config-files libassuan0:amd64 2.4.3-2
2018-02-16 23:33:14 status config-files libassuan0:amd64 2.4.3-2
2018-02-16 23:33:14 status config-files libassuan0:amd64 2.4.3-2
2018-02-16 23:33:14 status not-installed libassuan0:amd64 <none>
2018-02-16 23:33:14 status installed libksba8:amd64 1.3.5-2
2018-02-16 23:33:14 remove libksba8:amd64 1.3.5-2 <none>
2018-02-16 23:33:14 status half-configured libksba8:amd64 1.3.5-2
2018-02-16 23:33:14 status half-installed libksba8:amd64 1.3.5-2
2018-02-16 23:33:14 status config-files libksba8:amd64 1.3.5-2
2018-02-16 23:33:14 status config-files libksba8:amd64 1.3.5-2
2018-02-16 23:33:14 status config-files libksba8:amd64 1.3.5-2
2018-02-16 23:33:14 status not-installed libksba8:amd64 <none>
2018-02-16 23:33:14 status installed libnpth0:amd64 1.3-1
2018-02-16 23:33:14 remove libnpth0:amd64 1.3-1 <none>
2018-02-16 23:33:14 status half-configured libnpth0:amd64 1.3-1
2018-02-16 23:33:14 status half-installed libnpth0:amd64 1.3-1
2018-02-16 23:33:14 status config-files libnpth0:amd64 1.3-1
2018-02-16 23:33:14 status config-files libnpth0:amd64 1.3-1
2018-02-16 23:33:14 status config-files libnpth0:amd64 1.3-1
2018-02-16 23:33:14 status not-installed libnpth0:amd64 <none>
2018-02-16 23:33:14 status installed libreadline7:amd64 7.0-3
2018-02-16 23:33:14 remove libreadline7:amd64 7.0-3 <none>
2018-02-16 23:33:14 status half-configured libreadline7:amd64 7.0-3
2018-02-16 23:33:14 status half-installed libreadline7:amd64 7.0-3
2018-02-16 23:33:14 status config-files libreadline7:amd64 7.0-3
2018-02-16 23:33:14 status config-files libreadline7:amd64 7.0-3
2018-02-16 23:33:14 status config-files libreadline7:amd64 7.0-3
2018-02-16 23:33:14 status not-installed libreadline7:amd64 <none>
2018-02-16 23:33:14 status installed libsqlite3-0:amd64 3.16.2-5+deb9u1
2018-02-16 23:33:14 remove libsqlite3-0:amd64 3.16.2-5+deb9u1 <none>
2018-02-16 23:33:14 status half-configured libsqlite3-0:amd64 3.16.2-5+deb9u1
2018-02-16 23:33:14 status half-installed libsqlite3-0:amd64 3.16.2-5+deb9u1
2018-02-16 23:33:14 status config-files libsqlite3-0:amd64 3.16.2-5+deb9u1
2018-02-16 23:33:14 status config-files libsqlite3-0:amd64 3.16.2-5+deb9u1
2018-02-16 23:33:14 status config-files libsqlite3-0:amd64 3.16.2-5+deb9u1
2018-02-16 23:33:14 status not-installed libsqlite3-0:amd64 <none>
2018-02-16 23:33:14 status installed readline-common:all 7.0-3
2018-02-16 23:33:14 remove readline-common:all 7.0-3 <none>
2018-02-16 23:33:14 status half-configured readline-common:all 7.0-3
2018-02-16 23:33:14 status half-installed readline-common:all 7.0-3
2018-02-16 23:33:14 status config-files readline-common:all 7.0-3
2018-02-16 23:33:14 status config-files readline-common:all 7.0-3
2018-02-16 23:33:14 status installed wget:amd64 1.18-5+deb9u1
2018-02-16 23:33:14 remove wget:amd64 1.18-5+deb9u1 <none>
2018-02-16 23:33:14 status half-configured wget:amd64 1.18-5+deb9u1
2018-02-16 23:33:14 status half-installed wget:amd64 1.18-5+deb9u1
2018-02-16 23:33:14 status config-files wget:amd64 1.18-5+deb9u1
2018-02-16 23:33:14 status config-files wget:amd64 1.18-5+deb9u1
2018-02-16 23:33:14 startup packages configure
2018-02-16 23:33:14 trigproc libc-bin:amd64 2.24-11+deb9u1 <none>
2018-02-16 23:33:14 status half-configured libc-bin:amd64 2.24-11+deb9u1
2018-02-16 23:33:14 status installed libc-bin:amd64 2.24-11+deb9u1
2018-02-16 23:33:14 startup packages purge
2018-02-16 23:33:14 purge readline-common:all 7.0-3 <none>
2018-02-16 23:33:14 status config-files readline-common:all 7.0-3
2018-02-16 23:33:14 status config-files readline-common:all 7.0-3
2018-02-16 23:33:14 status config-files readline-common:all 7.0-3
2018-02-16 23:33:14 status config-files readline-common:all 7.0-3
2018-02-16 23:33:14 status config-files readline-common:all 7.0-3
2018-02-16 23:33:14 status not-installed readline-common:all <none>
2018-02-16 23:33:14 purge wget:amd64 1.18-5+deb9u1 <none>
2018-02-16 23:33:14 status config-files wget:amd64 1.18-5+deb9u1
2018-02-16 23:33:14 status config-files wget:amd64 1.18-5+deb9u1
2018-02-16 23:33:14 status config-files wget:amd64 1.18-5+deb9u1
2018-02-16 23:33:14 status config-files wget:amd64 1.18-5+deb9u1
2018-02-16 23:33:14 status config-files wget:amd64 1.18-5+deb9u1
2018-02-16 23:33:14 status not-installed wget:amd64 <none>
2018-02-16 23:33:14 purge gnupg-agent:amd64 2.1.18-8~deb9u1 <none>
2018-02-16 23:33:14 status config-files gnupg-agent:amd64 2.1.18-8~deb9u1
2018-02-16 23:33:14 status config-files gnupg-agent:amd64 2.1.18-8~deb9u1
2018-02-16 23:33:14 status config-files gnupg-agent:amd64 2.1.18-8~deb9u1
2018-02-16 23:33:14 status config-files gnupg-agent:amd64 2.1.18-8~deb9u1
2018-02-16 23:33:14 status config-files gnupg-agent:amd64 2.1.18-8~deb9u1
2018-02-16 23:33:14 status not-installed gnupg-agent:amd64 <none>
2018-02-16 23:33:14 purge dirmngr:amd64 2.1.18-8~deb9u1 <none>
2018-02-16 23:33:14 status config-files dirmngr:amd64 2.1.18-8~deb9u1
2018-02-16 23:33:14 status config-files dirmngr:amd64 2.1.18-8~deb9u1
2018-02-16 23:33:14 status config-files dirmngr:amd64 2.1.18-8~deb9u1
2018-02-16 23:33:14 status config-files dirmngr:amd64 2.1.18-8~deb9u1
2018-02-16 23:33:14 status config-files dirmngr:amd64 2.1.18-8~deb9u1
2018-02-16 23:33:14 status not-installed dirmngr:amd64 <none>
2018-02-16 23:33:14 startup packages configure
2018-02-16 23:33:29 startup archives unpack
2018-02-16 23:33:29 install libbsd0:amd64 <none> 0.8.3-1
2018-02-16 23:33:29 status triggers-pending libc-bin:amd64 2.24-11+deb9u1
2018-02-16 23:33:29 status half-installed libbsd0:amd64 0.8.3-1
2018-02-16 23:33:29 status unpacked libbsd0:amd64 0.8.3-1
2018-02-16 23:33:29 status unpacked libbsd0:amd64 0.8.3-1
2018-02-16 23:33:29 install libncurses5:amd64 <none> 6.0+20161126-1+deb9u1
2018-02-16 23:33:29 status half-installed libncurses5:amd64 6.0+20161126-1+deb9u1
2018-02-16 23:33:29 status unpacked libncurses5:amd64 6.0+20161126-1+deb9u1
2018-02-16 23:33:29 status unpacked libncurses5:amd64 6.0+20161126-1+deb9u1
2018-02-16 23:33:29 install libedit2:amd64 <none> 3.1-20160903-3
2018-02-16 23:33:29 status half-installed libedit2:amd64 3.1-20160903-3
2018-02-16 23:33:29 status unpacked libedit2:amd64 3.1-20160903-3
2018-02-16 23:33:29 status unpacked libedit2:amd64 3.1-20160903-3
2018-02-16 23:33:29 install libsqlite3-0:amd64 <none> 3.16.2-5+deb9u1
2018-02-16 23:33:29 status half-installed libsqlite3-0:amd64 3.16.2-5+deb9u1
2018-02-16 23:33:29 status unpacked libsqlite3-0:amd64 3.16.2-5+deb9u1
2018-02-16 23:33:29 status unpacked libsqlite3-0:amd64 3.16.2-5+deb9u1
2018-02-16 23:33:29 install libicu57:amd64 <none> 57.1-6+deb9u1
2018-02-16 23:33:29 status half-installed libicu57:amd64 57.1-6+deb9u1
2018-02-16 23:33:30 status unpacked libicu57:amd64 57.1-6+deb9u1
2018-02-16 23:33:30 status unpacked libicu57:amd64 57.1-6+deb9u1
2018-02-16 23:33:30 install libxml2:amd64 <none> 2.9.4+dfsg1-2.2+deb9u2
2018-02-16 23:33:30 status half-installed libxml2:amd64 2.9.4+dfsg1-2.2+deb9u2
2018-02-16 23:33:30 status unpacked libxml2:amd64 2.9.4+dfsg1-2.2+deb9u2
2018-02-16 23:33:30 status unpacked libxml2:amd64 2.9.4+dfsg1-2.2+deb9u2
2018-02-16 23:33:30 install icu-devtools:amd64 <none> 57.1-6+deb9u1
2018-02-16 23:33:30 status half-installed icu-devtools:amd64 57.1-6+deb9u1
2018-02-16 23:33:30 status unpacked icu-devtools:amd64 57.1-6+deb9u1
2018-02-16 23:33:30 status unpacked icu-devtools:amd64 57.1-6+deb9u1
2018-02-16 23:33:30 install libargon2-0:amd64 <none> 0~20160821-1+b1
2018-02-16 23:33:30 status half-installed libargon2-0:amd64 0~20160821-1+b1
2018-02-16 23:33:30 status unpacked libargon2-0:amd64 0~20160821-1+b1
2018-02-16 23:33:30 status unpacked libargon2-0:amd64 0~20160821-1+b1
2018-02-16 23:33:30 install libargon2-0-dev:amd64 <none> 0~20160821-1+b1
2018-02-16 23:33:30 status half-installed libargon2-0-dev:amd64 0~20160821-1+b1
2018-02-16 23:33:30 status unpacked libargon2-0-dev:amd64 0~20160821-1+b1
2018-02-16 23:33:30 status unpacked libargon2-0-dev:amd64 0~20160821-1+b1
2018-02-16 23:33:30 install libbsd-dev:amd64 <none> 0.8.3-1
2018-02-16 23:33:30 status half-installed libbsd-dev:amd64 0.8.3-1
2018-02-16 23:33:30 status unpacked libbsd-dev:amd64 0.8.3-1
2018-02-16 23:33:30 status unpacked libbsd-dev:amd64 0.8.3-1
2018-02-16 23:33:30 install libcurl4-openssl-dev:amd64 <none> 7.52.1-5+deb9u4
2018-02-16 23:33:30 status half-installed libcurl4-openssl-dev:amd64 7.52.1-5+deb9u4
2018-02-16 23:33:30 status unpacked libcurl4-openssl-dev:amd64 7.52.1-5+deb9u4
2018-02-16 23:33:30 status unpacked libcurl4-openssl-dev:amd64 7.52.1-5+deb9u4
2018-02-16 23:33:30 install libtinfo-dev:amd64 <none> 6.0+20161126-1+deb9u1
2018-02-16 23:33:30 status half-installed libtinfo-dev:amd64 6.0+20161126-1+deb9u1
2018-02-16 23:33:30 status unpacked libtinfo-dev:amd64 6.0+20161126-1+deb9u1
2018-02-16 23:33:30 status unpacked libtinfo-dev:amd64 6.0+20161126-1+deb9u1
2018-02-16 23:33:30 install libncurses5-dev:amd64 <none> 6.0+20161126-1+deb9u1
2018-02-16 23:33:30 status half-installed libncurses5-dev:amd64 6.0+20161126-1+deb9u1
2018-02-16 23:33:30 status unpacked libncurses5-dev:amd64 6.0+20161126-1+deb9u1
2018-02-16 23:33:30 status unpacked libncurses5-dev:amd64 6.0+20161126-1+deb9u1
2018-02-16 23:33:30 install libedit-dev:amd64 <none> 3.1-20160903-3
2018-02-16 23:33:30 status half-installed libedit-dev:amd64 3.1-20160903-3
2018-02-16 23:33:30 status unpacked libedit-dev:amd64 3.1-20160903-3
2018-02-16 23:33:30 status unpacked libedit-dev:amd64 3.1-20160903-3
2018-02-16 23:33:30 install libicu-dev:amd64 <none> 57.1-6+deb9u1
2018-02-16 23:33:30 status half-installed libicu-dev:amd64 57.1-6+deb9u1
2018-02-16 23:33:32 status unpacked libicu-dev:amd64 57.1-6+deb9u1
2018-02-16 23:33:32 status unpacked libicu-dev:amd64 57.1-6+deb9u1
2018-02-16 23:33:32 install libsodium18:amd64 <none> 1.0.11-2
2018-02-16 23:33:32 status half-installed libsodium18:amd64 1.0.11-2
2018-02-16 23:33:32 status unpacked libsodium18:amd64 1.0.11-2
2018-02-16 23:33:32 status unpacked libsodium18:amd64 1.0.11-2
2018-02-16 23:33:32 install libsodium-dev:amd64 <none> 1.0.11-2
2018-02-16 23:33:32 status half-installed libsodium-dev:amd64 1.0.11-2
2018-02-16 23:33:32 status unpacked libsodium-dev:amd64 1.0.11-2
2018-02-16 23:33:32 status unpacked libsodium-dev:amd64 1.0.11-2
2018-02-16 23:33:32 install libsqlite3-dev:amd64 <none> 3.16.2-5+deb9u1
2018-02-16 23:33:32 status half-installed libsqlite3-dev:amd64 3.16.2-5+deb9u1
2018-02-16 23:33:32 status unpacked libsqlite3-dev:amd64 3.16.2-5+deb9u1
2018-02-16 23:33:32 status unpacked libsqlite3-dev:amd64 3.16.2-5+deb9u1
2018-02-16 23:33:32 install libssl-dev:amd64 <none> 1.1.0f-3+deb9u1
2018-02-16 23:33:32 status half-installed libssl-dev:amd64 1.1.0f-3+deb9u1
2018-02-16 23:33:32 status unpacked libssl-dev:amd64 1.1.0f-3+deb9u1
2018-02-16 23:33:32 status unpacked libssl-dev:amd64 1.1.0f-3+deb9u1
2018-02-16 23:33:32 install libxml2-dev:amd64 <none> 2.9.4+dfsg1-2.2+deb9u2
2018-02-16 23:33:32 status half-installed libxml2-dev:amd64 2.9.4+dfsg1-2.2+deb9u2
2018-02-16 23:33:32 status unpacked libxml2-dev:amd64 2.9.4+dfsg1-2.2+deb9u2
2018-02-16 23:33:32 status unpacked libxml2-dev:amd64 2.9.4+dfsg1-2.2+deb9u2
2018-02-16 23:33:32 install zlib1g-dev:amd64 <none> 1:1.2.8.dfsg-5
2018-02-16 23:33:32 status half-installed zlib1g-dev:amd64 1:1.2.8.dfsg-5
2018-02-16 23:33:32 status unpacked zlib1g-dev:amd64 1:1.2.8.dfsg-5
2018-02-16 23:33:32 status unpacked zlib1g-dev:amd64 1:1.2.8.dfsg-5
2018-02-16 23:33:32 startup packages configure
2018-02-16 23:33:32 configure libncurses5:amd64 6.0+20161126-1+deb9u1 <none>
2018-02-16 23:33:32 status unpacked libncurses5:amd64 6.0+20161126-1+deb9u1
2018-02-16 23:33:32 status half-configured libncurses5:amd64 6.0+20161126-1+deb9u1
2018-02-16 23:33:32 status installed libncurses5:amd64 6.0+20161126-1+deb9u1
2018-02-16 23:33:32 configure libssl-dev:amd64 1.1.0f-3+deb9u1 <none>
2018-02-16 23:33:32 status unpacked libssl-dev:amd64 1.1.0f-3+deb9u1
2018-02-16 23:33:32 status half-configured libssl-dev:amd64 1.1.0f-3+deb9u1
2018-02-16 23:33:32 status installed libssl-dev:amd64 1.1.0f-3+deb9u1
2018-02-16 23:33:32 configure libtinfo-dev:amd64 6.0+20161126-1+deb9u1 <none>
2018-02-16 23:33:32 status unpacked libtinfo-dev:amd64 6.0+20161126-1+deb9u1
2018-02-16 23:33:32 status half-configured libtinfo-dev:amd64 6.0+20161126-1+deb9u1
2018-02-16 23:33:32 status installed libtinfo-dev:amd64 6.0+20161126-1+deb9u1
2018-02-16 23:33:32 configure libicu57:amd64 57.1-6+deb9u1 <none>
2018-02-16 23:33:32 status unpacked libicu57:amd64 57.1-6+deb9u1
2018-02-16 23:33:32 status half-configured libicu57:amd64 57.1-6+deb9u1
2018-02-16 23:33:32 status installed libicu57:amd64 57.1-6+deb9u1
2018-02-16 23:33:32 configure libbsd0:amd64 0.8.3-1 <none>
2018-02-16 23:33:32 status unpacked libbsd0:amd64 0.8.3-1
2018-02-16 23:33:32 status half-configured libbsd0:amd64 0.8.3-1
2018-02-16 23:33:32 status installed libbsd0:amd64 0.8.3-1
2018-02-16 23:33:32 configure libxml2:amd64 2.9.4+dfsg1-2.2+deb9u2 <none>
2018-02-16 23:33:32 status unpacked libxml2:amd64 2.9.4+dfsg1-2.2+deb9u2
2018-02-16 23:33:32 status half-configured libxml2:amd64 2.9.4+dfsg1-2.2+deb9u2
2018-02-16 23:33:32 status installed libxml2:amd64 2.9.4+dfsg1-2.2+deb9u2
2018-02-16 23:33:32 configure libargon2-0:amd64 0~20160821-1+b1 <none>
2018-02-16 23:33:32 status unpacked libargon2-0:amd64 0~20160821-1+b1
2018-02-16 23:33:32 status half-configured libargon2-0:amd64 0~20160821-1+b1
2018-02-16 23:33:32 status installed libargon2-0:amd64 0~20160821-1+b1
2018-02-16 23:33:32 configure libncurses5-dev:amd64 6.0+20161126-1+deb9u1 <none>
2018-02-16 23:33:32 status unpacked libncurses5-dev:amd64 6.0+20161126-1+deb9u1
2018-02-16 23:33:32 status half-configured libncurses5-dev:amd64 6.0+20161126-1+deb9u1
2018-02-16 23:33:32 status installed libncurses5-dev:amd64 6.0+20161126-1+deb9u1
2018-02-16 23:33:32 trigproc libc-bin:amd64 2.24-11+deb9u1 <none>
2018-02-16 23:33:32 status half-configured libc-bin:amd64 2.24-11+deb9u1
2018-02-16 23:33:32 status installed libc-bin:amd64 2.24-11+deb9u1
2018-02-16 23:33:32 configure libargon2-0-dev:amd64 0~20160821-1+b1 <none>
2018-02-16 23:33:32 status unpacked libargon2-0-dev:amd64 0~20160821-1+b1
2018-02-16 23:33:32 status half-configured libargon2-0-dev:amd64 0~20160821-1+b1
2018-02-16 23:33:32 status installed libargon2-0-dev:amd64 0~20160821-1+b1
2018-02-16 23:33:32 configure libsqlite3-0:amd64 3.16.2-5+deb9u1 <none>
2018-02-16 23:33:32 status triggers-pending libc-bin:amd64 2.24-11+deb9u1
2018-02-16 23:33:32 status unpacked libsqlite3-0:amd64 3.16.2-5+deb9u1
2018-02-16 23:33:32 status half-configured libsqlite3-0:amd64 3.16.2-5+deb9u1
2018-02-16 23:33:32 status installed libsqlite3-0:amd64 3.16.2-5+deb9u1
2018-02-16 23:33:32 configure icu-devtools:amd64 57.1-6+deb9u1 <none>
2018-02-16 23:33:32 status unpacked icu-devtools:amd64 57.1-6+deb9u1
2018-02-16 23:33:32 status half-configured icu-devtools:amd64 57.1-6+deb9u1
2018-02-16 23:33:32 status installed icu-devtools:amd64 57.1-6+deb9u1
2018-02-16 23:33:32 configure libsodium18:amd64 1.0.11-2 <none>
2018-02-16 23:33:32 status unpacked libsodium18:amd64 1.0.11-2
2018-02-16 23:33:32 status half-configured libsodium18:amd64 1.0.11-2
2018-02-16 23:33:32 status installed libsodium18:amd64 1.0.11-2
2018-02-16 23:33:32 configure libcurl4-openssl-dev:amd64 7.52.1-5+deb9u4 <none>
2018-02-16 23:33:32 status unpacked libcurl4-openssl-dev:amd64 7.52.1-5+deb9u4
2018-02-16 23:33:33 status half-configured libcurl4-openssl-dev:amd64 7.52.1-5+deb9u4
2018-02-16 23:33:33 status installed libcurl4-openssl-dev:amd64 7.52.1-5+deb9u4
2018-02-16 23:33:33 configure zlib1g-dev:amd64 1:1.2.8.dfsg-5 <none>
2018-02-16 23:33:33 status unpacked zlib1g-dev:amd64 1:1.2.8.dfsg-5
2018-02-16 23:33:33 status half-configured zlib1g-dev:amd64 1:1.2.8.dfsg-5
2018-02-16 23:33:33 status installed zlib1g-dev:amd64 1:1.2.8.dfsg-5
2018-02-16 23:33:33 configure libedit2:amd64 3.1-20160903-3 <none>
2018-02-16 23:33:33 status unpacked libedit2:amd64 3.1-20160903-3
2018-02-16 23:33:33 status half-configured libedit2:amd64 3.1-20160903-3
2018-02-16 23:33:33 status installed libedit2:amd64 3.1-20160903-3
2018-02-16 23:33:33 configure libsqlite3-dev:amd64 3.16.2-5+deb9u1 <none>
2018-02-16 23:33:33 status unpacked libsqlite3-dev:amd64 3.16.2-5+deb9u1
2018-02-16 23:33:33 status half-configured libsqlite3-dev:amd64 3.16.2-5+deb9u1
2018-02-16 23:33:33 status installed libsqlite3-dev:amd64 3.16.2-5+deb9u1
2018-02-16 23:33:33 configure libbsd-dev:amd64 0.8.3-1 <none>
2018-02-16 23:33:33 status unpacked libbsd-dev:amd64 0.8.3-1
2018-02-16 23:33:33 status half-configured libbsd-dev:amd64 0.8.3-1
2018-02-16 23:33:33 status installed libbsd-dev:amd64 0.8.3-1
2018-02-16 23:33:33 configure libicu-dev:amd64 57.1-6+deb9u1 <none>
2018-02-16 23:33:33 status unpacked libicu-dev:amd64 57.1-6+deb9u1
2018-02-16 23:33:33 status half-configured libicu-dev:amd64 57.1-6+deb9u1
2018-02-16 23:33:33 status installed libicu-dev:amd64 57.1-6+deb9u1
2018-02-16 23:33:33 configure libxml2-dev:amd64 2.9.4+dfsg1-2.2+deb9u2 <none>
2018-02-16 23:33:33 status unpacked libxml2-dev:amd64 2.9.4+dfsg1-2.2+deb9u2
2018-02-16 23:33:33 status half-configured libxml2-dev:amd64 2.9.4+dfsg1-2.2+deb9u2
2018-02-16 23:33:33 status installed libxml2-dev:amd64 2.9.4+dfsg1-2.2+deb9u2
2018-02-16 23:33:33 configure libsodium-dev:amd64 1.0.11-2 <none>
2018-02-16 23:33:33 status unpacked libsodium-dev:amd64 1.0.11-2
2018-02-16 23:33:33 status half-configured libsodium-dev:amd64 1.0.11-2
2018-02-16 23:33:33 status installed libsodium-dev:amd64 1.0.11-2
2018-02-16 23:33:33 configure libedit-dev:amd64 3.1-20160903-3 <none>
2018-02-16 23:33:33 status unpacked libedit-dev:amd64 3.1-20160903-3
2018-02-16 23:33:33 status half-configured libedit-dev:amd64 3.1-20160903-3
2018-02-16 23:33:33 status installed libedit-dev:amd64 3.1-20160903-3
2018-02-16 23:33:33 trigproc libc-bin:amd64 2.24-11+deb9u1 <none>
2018-02-16 23:33:33 status half-configured libc-bin:amd64 2.24-11+deb9u1
2018-02-16 23:33:33 status installed libc-bin:amd64 2.24-11+deb9u1
2018-02-16 23:38:06 startup packages remove
2018-02-16 23:38:06 status installed libxml2-dev:amd64 2.9.4+dfsg1-2.2+deb9u2
2018-02-16 23:38:06 remove libxml2-dev:amd64 2.9.4+dfsg1-2.2+deb9u2 <none>
2018-02-16 23:38:06 status half-configured libxml2-dev:amd64 2.9.4+dfsg1-2.2+deb9u2
2018-02-16 23:38:06 status half-installed libxml2-dev:amd64 2.9.4+dfsg1-2.2+deb9u2
2018-02-16 23:38:06 status config-files libxml2-dev:amd64 2.9.4+dfsg1-2.2+deb9u2
2018-02-16 23:38:06 status config-files libxml2-dev:amd64 2.9.4+dfsg1-2.2+deb9u2
2018-02-16 23:38:06 status config-files libxml2-dev:amd64 2.9.4+dfsg1-2.2+deb9u2
2018-02-16 23:38:06 status not-installed libxml2-dev:amd64 <none>
2018-02-16 23:38:06 status installed libicu-dev:amd64 57.1-6+deb9u1
2018-02-16 23:38:06 remove libicu-dev:amd64 57.1-6+deb9u1 <none>
2018-02-16 23:38:06 status half-configured libicu-dev:amd64 57.1-6+deb9u1
2018-02-16 23:38:06 status half-installed libicu-dev:amd64 57.1-6+deb9u1
2018-02-16 23:38:06 status config-files libicu-dev:amd64 57.1-6+deb9u1
2018-02-16 23:38:06 status config-files libicu-dev:amd64 57.1-6+deb9u1
2018-02-16 23:38:06 status config-files libicu-dev:amd64 57.1-6+deb9u1
2018-02-16 23:38:06 status not-installed libicu-dev:amd64 <none>
2018-02-16 23:38:06 status installed icu-devtools:amd64 57.1-6+deb9u1
2018-02-16 23:38:06 remove icu-devtools:amd64 57.1-6+deb9u1 <none>
2018-02-16 23:38:06 status half-configured icu-devtools:amd64 57.1-6+deb9u1
2018-02-16 23:38:06 status half-installed icu-devtools:amd64 57.1-6+deb9u1
2018-02-16 23:38:06 status config-files icu-devtools:amd64 57.1-6+deb9u1
2018-02-16 23:38:06 status config-files icu-devtools:amd64 57.1-6+deb9u1
2018-02-16 23:38:06 status config-files icu-devtools:amd64 57.1-6+deb9u1
2018-02-16 23:38:06 status not-installed icu-devtools:amd64 <none>
2018-02-16 23:38:06 status installed libargon2-0-dev:amd64 0~20160821-1+b1
2018-02-16 23:38:07 remove libargon2-0-dev:amd64 0~20160821-1+b1 <none>
2018-02-16 23:38:07 status half-configured libargon2-0-dev:amd64 0~20160821-1+b1
2018-02-16 23:38:07 status half-installed libargon2-0-dev:amd64 0~20160821-1+b1
2018-02-16 23:38:07 status config-files libargon2-0-dev:amd64 0~20160821-1+b1
2018-02-16 23:38:07 status config-files libargon2-0-dev:amd64 0~20160821-1+b1
2018-02-16 23:38:07 status config-files libargon2-0-dev:amd64 0~20160821-1+b1
2018-02-16 23:38:07 status not-installed libargon2-0-dev:amd64 <none>
2018-02-16 23:38:07 status installed libedit-dev:amd64 3.1-20160903-3
2018-02-16 23:38:07 remove libedit-dev:amd64 3.1-20160903-3 <none>
2018-02-16 23:38:07 status half-configured libedit-dev:amd64 3.1-20160903-3
2018-02-16 23:38:07 status half-installed libedit-dev:amd64 3.1-20160903-3
2018-02-16 23:38:07 status config-files libedit-dev:amd64 3.1-20160903-3
2018-02-16 23:38:07 status config-files libedit-dev:amd64 3.1-20160903-3
2018-02-16 23:38:07 status config-files libedit-dev:amd64 3.1-20160903-3
2018-02-16 23:38:07 status not-installed libedit-dev:amd64 <none>
2018-02-16 23:38:07 status installed libbsd-dev:amd64 0.8.3-1
2018-02-16 23:38:07 remove libbsd-dev:amd64 0.8.3-1 <none>
2018-02-16 23:38:07 status half-configured libbsd-dev:amd64 0.8.3-1
2018-02-16 23:38:07 status half-installed libbsd-dev:amd64 0.8.3-1
2018-02-16 23:38:07 status config-files libbsd-dev:amd64 0.8.3-1
2018-02-16 23:38:07 status config-files libbsd-dev:amd64 0.8.3-1
2018-02-16 23:38:07 status config-files libbsd-dev:amd64 0.8.3-1
2018-02-16 23:38:07 status not-installed libbsd-dev:amd64 <none>
2018-02-16 23:38:07 status installed libcurl4-openssl-dev:amd64 7.52.1-5+deb9u4
2018-02-16 23:38:07 remove libcurl4-openssl-dev:amd64 7.52.1-5+deb9u4 <none>
2018-02-16 23:38:07 status half-configured libcurl4-openssl-dev:amd64 7.52.1-5+deb9u4
2018-02-16 23:38:07 status half-installed libcurl4-openssl-dev:amd64 7.52.1-5+deb9u4
2018-02-16 23:38:07 status config-files libcurl4-openssl-dev:amd64 7.52.1-5+deb9u4
2018-02-16 23:38:07 status config-files libcurl4-openssl-dev:amd64 7.52.1-5+deb9u4
2018-02-16 23:38:07 status config-files libcurl4-openssl-dev:amd64 7.52.1-5+deb9u4
2018-02-16 23:38:07 status not-installed libcurl4-openssl-dev:amd64 <none>
2018-02-16 23:38:07 status installed libncurses5-dev:amd64 6.0+20161126-1+deb9u1
2018-02-16 23:38:07 remove libncurses5-dev:amd64 6.0+20161126-1+deb9u1 <none>
2018-02-16 23:38:07 status half-configured libncurses5-dev:amd64 6.0+20161126-1+deb9u1
2018-02-16 23:38:07 status half-installed libncurses5-dev:amd64 6.0+20161126-1+deb9u1
2018-02-16 23:38:07 status config-files libncurses5-dev:amd64 6.0+20161126-1+deb9u1
2018-02-16 23:38:07 status config-files libncurses5-dev:amd64 6.0+20161126-1+deb9u1
2018-02-16 23:38:07 status config-files libncurses5-dev:amd64 6.0+20161126-1+deb9u1
2018-02-16 23:38:07 status not-installed libncurses5-dev:amd64 <none>
2018-02-16 23:38:07 status installed libsodium-dev:amd64 1.0.11-2
2018-02-16 23:38:07 remove libsodium-dev:amd64 1.0.11-2 <none>
2018-02-16 23:38:07 status half-configured libsodium-dev:amd64 1.0.11-2
2018-02-16 23:38:07 status half-installed libsodium-dev:amd64 1.0.11-2
2018-02-16 23:38:07 status config-files libsodium-dev:amd64 1.0.11-2
2018-02-16 23:38:07 status config-files libsodium-dev:amd64 1.0.11-2
2018-02-16 23:38:07 status config-files libsodium-dev:amd64 1.0.11-2
2018-02-16 23:38:07 status not-installed libsodium-dev:amd64 <none>
2018-02-16 23:38:07 status installed libsqlite3-dev:amd64 3.16.2-5+deb9u1
2018-02-16 23:38:07 remove libsqlite3-dev:amd64 3.16.2-5+deb9u1 <none>
2018-02-16 23:38:07 status half-configured libsqlite3-dev:amd64 3.16.2-5+deb9u1
2018-02-16 23:38:07 status half-installed libsqlite3-dev:amd64 3.16.2-5+deb9u1
2018-02-16 23:38:07 status config-files libsqlite3-dev:amd64 3.16.2-5+deb9u1
2018-02-16 23:38:07 status config-files libsqlite3-dev:amd64 3.16.2-5+deb9u1
2018-02-16 23:38:07 status config-files libsqlite3-dev:amd64 3.16.2-5+deb9u1
2018-02-16 23:38:07 status not-installed libsqlite3-dev:amd64 <none>
2018-02-16 23:38:07 status installed libsqlite3-0:amd64 3.16.2-5+deb9u1
2018-02-16 23:38:07 remove libsqlite3-0:amd64 3.16.2-5+deb9u1 <none>
2018-02-16 23:38:07 status triggers-pending libc-bin:amd64 2.24-11+deb9u1
2018-02-16 23:38:07 status half-configured libsqlite3-0:amd64 3.16.2-5+deb9u1
2018-02-16 23:38:07 status half-installed libsqlite3-0:amd64 3.16.2-5+deb9u1
2018-02-16 23:38:07 status config-files libsqlite3-0:amd64 3.16.2-5+deb9u1
2018-02-16 23:38:07 status config-files libsqlite3-0:amd64 3.16.2-5+deb9u1
2018-02-16 23:38:07 status config-files libsqlite3-0:amd64 3.16.2-5+deb9u1
2018-02-16 23:38:07 status not-installed libsqlite3-0:amd64 <none>
2018-02-16 23:38:07 status installed libssl-dev:amd64 1.1.0f-3+deb9u1
2018-02-16 23:38:07 remove libssl-dev:amd64 1.1.0f-3+deb9u1 <none>
2018-02-16 23:38:07 status half-configured libssl-dev:amd64 1.1.0f-3+deb9u1
2018-02-16 23:38:07 status half-installed libssl-dev:amd64 1.1.0f-3+deb9u1
2018-02-16 23:38:07 status config-files libssl-dev:amd64 1.1.0f-3+deb9u1
2018-02-16 23:38:07 status config-files libssl-dev:amd64 1.1.0f-3+deb9u1
2018-02-16 23:38:07 status config-files libssl-dev:amd64 1.1.0f-3+deb9u1
2018-02-16 23:38:07 status not-installed libssl-dev:amd64 <none>
2018-02-16 23:38:07 status installed libtinfo-dev:amd64 6.0+20161126-1+deb9u1
2018-02-16 23:38:07 remove libtinfo-dev:amd64 6.0+20161126-1+deb9u1 <none>
2018-02-16 23:38:07 status half-configured libtinfo-dev:amd64 6.0+20161126-1+deb9u1
2018-02-16 23:38:07 status half-installed libtinfo-dev:amd64 6.0+20161126-1+deb9u1
2018-02-16 23:38:07 status config-files libtinfo-dev:amd64 6.0+20161126-1+deb9u1
2018-02-16 23:38:07 status config-files libtinfo-dev:amd64 6.0+20161126-1+deb9u1
2018-02-16 23:38:07 status config-files libtinfo-dev:amd64 6.0+20161126-1+deb9u1
2018-02-16 23:38:07 status not-installed libtinfo-dev:amd64 <none>
2018-02-16 23:38:07 status installed zlib1g-dev:amd64 1:1.2.8.dfsg-5
2018-02-16 23:38:07 remove zlib1g-dev:amd64 1:1.2.8.dfsg-5 <none>
2018-02-16 23:38:07 status half-configured zlib1g-dev:amd64 1:1.2.8.dfsg-5
2018-02-16 23:38:07 status half-installed zlib1g-dev:amd64 1:1.2.8.dfsg-5
2018-02-16 23:38:07 status config-files zlib1g-dev:amd64 1:1.2.8.dfsg-5
2018-02-16 23:38:07 status config-files zlib1g-dev:amd64 1:1.2.8.dfsg-5
2018-02-16 23:38:07 status config-files zlib1g-dev:amd64 1:1.2.8.dfsg-5
2018-02-16 23:38:07 status not-installed zlib1g-dev:amd64 <none>
2018-02-16 23:38:07 startup packages configure
2018-02-16 23:38:07 trigproc libc-bin:amd64 2.24-11+deb9u1 <none>
2018-02-16 23:38:07 status half-configured libc-bin:amd64 2.24-11+deb9u1
2018-02-16 23:38:07 status installed libc-bin:amd64 2.24-11+deb9u1
2018-02-16 23:38:07 startup packages configure
